#
# There is insufficient memory for the Java Runtime Environment to continue.
# Native memory allocation (malloc) failed to allocate 1048576 bytes for AllocateHeap
# Possible reasons:
#   The system is out of physical RAM or swap space
#   The process is running with CompressedOops enabled, and the Java Heap may be blocking the growth of the native heap
# Possible solutions:
#   Reduce memory load on the system
#   Increase physical memory or swap space
#   Check if swap backing store is full
#   Decrease Java heap size (-Xmx/-Xms)
#   Decrease number of Java threads
#   Decrease Java thread stack sizes (-Xss)
#   Set larger code cache with -XX:ReservedCodeCacheSize=
#   JVM is running with Unscaled Compressed Oops mode in which the Java heap is
#     placed in the first 4GB address space. The Java Heap base address is the
#     maximum limit for the native heap growth. Please use -XX:HeapBaseMinAddress
#     to set the Java Heap base and to place the Java Heap above 4GB virtual address.
# This output file may be truncated or incomplete.
#
#  Out of Memory Error (./src/hotspot/share/memory/allocation.cpp:46), pid=24304, tid=25104
#
# JRE version: OpenJDK Runtime Environment (11.0.13) (build 11.0.13+0-b1751.21-8125866)
# Java VM: OpenJDK 64-Bit Server VM (11.0.13+0-b1751.21-8125866, mixed mode, tiered, compressed oops, g1 gc, windows-amd64)
# No core dump will be written. Minidumps are not enabled by default on client versions of Windows
#

---------------  S U M M A R Y ------------

Command Line: -XX:MaxMetaspaceSize=512m --add-opens=java.base/java.util=ALL-UNNAMED --add-opens=java.base/java.lang=ALL-UNNAMED --add-opens=java.base/java.lang.invoke=ALL-UNNAMED --add-opens=java.prefs/java.util.prefs=ALL-UNNAMED --add-opens=java.base/java.nio.charset=ALL-UNNAMED --add-opens=java.base/java.net=ALL-UNNAMED --add-opens=java.base/java.util.concurrent.atomic=ALL-UNNAMED -Xmx2048m -Dfile.encoding=windows-1252 -Duser.country=IN -Duser.language=en -Duser.variant org.gradle.launcher.daemon.bootstrap.GradleDaemon 8.0.1

Host: Intel(R) Core(TM) i7-8750H CPU @ 2.20GHz, 12 cores, 15G,  Windows 11 , 64 bit Build 22621 (10.0.22621.2070)
Time: Fri Sep 15 22:17:34 2023 India Standard Time elapsed time: 121.096537 seconds (0d 0h 2m 1s)

---------------  T H R E A D  ---------------

Current thread (0x0000019844168800):  VMThread "VM Thread" [stack: 0x000000307b500000,0x000000307b600000] [id=25104]

Stack: [0x000000307b500000,0x000000307b600000]
[error occurred during error reporting (printing stack bounds), id 0xc0000005, EXCEPTION_ACCESS_VIOLATION (0xc0000005) at pc=0x000001982cb1112d]

Native frames: (J=compiled Java code, j=interpreted, Vv=VM code, C=native code)
V  [jvm.dll+0x6100fa]
V  [jvm.dll+0x747090]
V  [jvm.dll+0x7486ad]
V  [jvm.dll+0x748ce5]
V  [jvm.dll+0x748c9b]
V  [jvm.dll+0x60f224]
V  [jvm.dll+0x60f9b8]
C  [ntdll.dll+0xa3dff]
C  [ntdll.dll+0x1e456]
C  [ntdll.dll+0xa2dee]
C  0x000001982cb1112d

VM_Operation (0x000000307cbf45f0): CollectForMetadataAllocation, mode: safepoint, requested by thread 0x00000198476d9800


---------------  P R O C E S S  ---------------

Threads class SMR info:
_java_thread_list=0x000001984b9b3170, length=89, elements={
0x0000019829011000, 0x0000019844170800, 0x0000019844172000, 0x00000198441cd800,
0x00000198441d1000, 0x00000198441d2000, 0x00000198441d3800, 0x00000198441d9000,
0x00000198441de000, 0x000001984433e800, 0x0000019846919800, 0x0000019845719000,
0x0000019846780800, 0x00000198465c7800, 0x0000019844864000, 0x000001984707e800,
0x00000198476d9800, 0x00000198466e2800, 0x0000019844c37000, 0x0000019844c36800,
0x0000019844c32800, 0x0000019844c33000, 0x0000019844c38000, 0x0000019844c35800,
0x0000019844c39000, 0x0000019844c34000, 0x0000019844c34800, 0x0000019847fed800,
0x0000019847feb000, 0x0000019847fec000, 0x0000019847fea000, 0x0000019847fec800,
0x0000019847fe7800, 0x0000019847fee800, 0x0000019847fef000, 0x0000019847fe9800,
0x0000019847ff0800, 0x0000019847ff2800, 0x0000019847ff3000, 0x0000019847ff4000,
0x0000019847ff5800, 0x0000019847ff0000, 0x0000019847ff6800, 0x0000019847e75000,
0x0000019847e73800, 0x0000019847e77000, 0x0000019847e78800, 0x0000019847e77800,
0x0000019847e74800, 0x0000019847e79000, 0x0000019847e7a000, 0x0000019847e76000,
0x000001985161c000, 0x0000019851619800, 0x000001985161a800, 0x000001985161b800,
0x0000019851616800, 0x000001985161d000, 0x0000019851617000, 0x0000019851618000,
0x000001985161d800, 0x0000019851619000, 0x0000019851621000, 0x000001985161f800,
0x000001985161e800, 0x0000019851620000, 0x0000019851625000, 0x0000019851623800,
0x0000019851622800, 0x0000019851622000, 0x0000019851624800, 0x000001984ba7e800,
0x000001984ba7b800, 0x000001984ba7f800, 0x000001984ba80000, 0x000001984ba7d800,
0x000001984ba81000, 0x000001984ba82000, 0x000001984ba7c000, 0x000001984ba82800,
0x000001984ba7d000, 0x000001984ba85000, 0x000001984ba88800, 0x000001984ba83800,
0x000001984ba86000, 0x000001984ba89000, 0x000001984ba8a000, 0x000001984ba84800,
0x000001984b710000
}

Java Threads: ( => current thread )
  0x0000019829011000 JavaThread "main" [_thread_blocked, id=4020, stack(0x000000307af00000,0x000000307b000000)]
  0x0000019844170800 JavaThread "Reference Handler" daemon [_thread_blocked, id=22700, stack(0x000000307b600000,0x000000307b700000)]
  0x0000019844172000 JavaThread "Finalizer" daemon [_thread_blocked, id=11860, stack(0x000000307b700000,0x000000307b800000)]
  0x00000198441cd800 JavaThread "Signal Dispatcher" daemon [_thread_blocked, id=25984, stack(0x000000307b800000,0x000000307b900000)]
  0x00000198441d1000 JavaThread "Attach Listener" daemon [_thread_blocked, id=25992, stack(0x000000307b900000,0x000000307ba00000)]
  0x00000198441d2000 JavaThread "Service Thread" daemon [_thread_blocked, id=26040, stack(0x000000307ba00000,0x000000307bb00000)]
  0x00000198441d3800 JavaThread "C2 CompilerThread0" daemon [_thread_blocked, id=26044, stack(0x000000307bb00000,0x000000307bc00000)]
  0x00000198441d9000 JavaThread "C1 CompilerThread0" daemon [_thread_blocked, id=26036, stack(0x000000307bc00000,0x000000307bd00000)]
  0x00000198441de000 JavaThread "Sweeper thread" daemon [_thread_blocked, id=25988, stack(0x000000307bd00000,0x000000307be00000)]
  0x000001984433e800 JavaThread "Common-Cleaner" daemon [_thread_blocked, id=26164, stack(0x000000307be00000,0x000000307bf00000)]
  0x0000019846919800 JavaThread "Daemon health stats" [_thread_blocked, id=16424, stack(0x000000307c700000,0x000000307c800000)]
  0x0000019845719000 JavaThread "Incoming local TCP Connector on port 57394" [_thread_in_native, id=26576, stack(0x000000307c000000,0x000000307c100000)]
  0x0000019846780800 JavaThread "Daemon periodic checks" [_thread_blocked, id=25812, stack(0x000000307c100000,0x000000307c200000)]
  0x00000198465c7800 JavaThread "Daemon" [_thread_blocked, id=2584, stack(0x000000307c800000,0x000000307c900000)]
  0x0000019844864000 JavaThread "Handler for socket connection from /127.0.0.1:57394 to /127.0.0.1:57396" [_thread_in_native, id=5228, stack(0x000000307c900000,0x000000307ca00000)]
  0x000001984707e800 JavaThread "Cancel handler" [_thread_blocked, id=26004, stack(0x000000307ca00000,0x000000307cb00000)]
  0x00000198476d9800 JavaThread "Daemon worker" [_thread_blocked, id=23464, stack(0x000000307cb00000,0x000000307cc00000)]
  0x00000198466e2800 JavaThread "Asynchronous log dispatcher for DefaultDaemonConnection: socket connection from /127.0.0.1:57394 to /127.0.0.1:57396" [_thread_blocked, id=26112, stack(0x000000307cc00000,0x000000307cd00000)]
  0x0000019844c37000 JavaThread "Daemon client event forwarder" [_thread_blocked, id=26088, stack(0x000000307ce00000,0x000000307cf00000)]
  0x0000019844c36800 JavaThread "Cache worker for journal cache (C:\Users\gnana\.gradle\caches\journal-1)" [_thread_blocked, id=26100, stack(0x000000307cf00000,0x000000307d000000)]
  0x0000019844c32800 JavaThread "File lock request listener" [_thread_in_native, id=2888, stack(0x000000307d000000,0x000000307d100000)]
  0x0000019844c33000 JavaThread "File lock release action executor" [_thread_blocked, id=20444, stack(0x000000307d700000,0x000000307d800000)]
  0x0000019844c38000 JavaThread "Cache worker for file hash cache (C:\Users\gnana\.gradle\caches\8.0.1\fileHashes)" [_thread_blocked, id=3428, stack(0x000000307d800000,0x000000307d900000)]
  0x0000019844c35800 JavaThread "File watcher server" daemon [_thread_in_native, id=26120, stack(0x000000307db00000,0x000000307dc00000)]
  0x0000019844c39000 JavaThread "File watcher consumer" daemon [_thread_blocked, id=26116, stack(0x000000307dc00000,0x000000307dd00000)]
  0x0000019844c34000 JavaThread "Cache worker for checksums cache (E:\development\allInOne\client\android\.gradle\8.0.1\checksums)" [_thread_blocked, id=19040, stack(0x000000307da00000,0x000000307db00000)]
  0x0000019844c34800 JavaThread "Cache worker for cache directory md-rule (C:\Users\gnana\.gradle\caches\8.0.1\md-rule)" [_thread_blocked, id=25816, stack(0x000000307dd00000,0x000000307de00000)]
  0x0000019847fed800 JavaThread "Cache worker for file content cache (C:\Users\gnana\.gradle\caches\8.0.1\fileContent)" [_thread_blocked, id=23448, stack(0x000000307de00000,0x000000307df00000)]
  0x0000019847feb000 JavaThread "Cache worker for file hash cache (E:\development\allInOne\client\android\.gradle\8.0.1\fileHashes)" [_thread_blocked, id=19948, stack(0x000000307df00000,0x000000307e000000)]
  0x0000019847fec000 JavaThread "Cache worker for cache directory md-supplier (C:\Users\gnana\.gradle\caches\8.0.1\md-supplier)" [_thread_blocked, id=23572, stack(0x000000307e000000,0x000000307e100000)]
  0x0000019847fea000 JavaThread "Cache worker for execution history cache (C:\Users\gnana\.gradle\caches\8.0.1\executionHistory)" [_thread_blocked, id=17396, stack(0x000000307e100000,0x000000307e200000)]
  0x0000019847fec800 JavaThread "jar transforms" [_thread_blocked, id=17332, stack(0x000000307d900000,0x000000307da00000)]
  0x0000019847fe7800 JavaThread "jar transforms Thread 2" [_thread_blocked, id=12912, stack(0x000000307e200000,0x000000307e300000)]
  0x0000019847fee800 JavaThread "jar transforms Thread 3" [_thread_blocked, id=20948, stack(0x000000307e300000,0x000000307e400000)]
  0x0000019847fef000 JavaThread "jar transforms Thread 4" [_thread_blocked, id=24164, stack(0x000000307e400000,0x000000307e500000)]
  0x0000019847fe9800 JavaThread "Cache worker for kotlin-dsl (C:\Users\gnana\.gradle\caches\8.0.1\kotlin-dsl)" [_thread_blocked, id=26568, stack(0x000000307e600000,0x000000307e700000)]
  0x0000019847ff0800 JavaThread "jar transforms Thread 5" [_thread_blocked, id=25712, stack(0x000000307f000000,0x000000307f100000)]
  0x0000019847ff2800 JavaThread "jar transforms Thread 6" [_thread_blocked, id=19224, stack(0x000000307f100000,0x000000307f200000)]
  0x0000019847ff3000 JavaThread "Cache worker for dependencies-accessors (E:\development\allInOne\client\android\.gradle\8.0.1\dependencies-accessors)" [_thread_blocked, id=17972, stack(0x000000307f200000,0x000000307f300000)]
  0x0000019847ff4000 JavaThread "Cache worker for Build Output Cleanup Cache (E:\development\allInOne\client\node_modules\@react-native\gradle-plugin\.gradle\buildOutputCleanup)" [_thread_blocked, id=26280, stack(0x000000307f300000,0x000000307f400000)]
  0x0000019847ff5800 JavaThread "Kotlin DSL Writer" [_thread_blocked, id=6640, stack(0x000000307f400000,0x000000307f500000)]
  0x0000019847ff0000 JavaThread "jar transforms Thread 7" [_thread_blocked, id=25832, stack(0x000000307e700000,0x000000307e800000)]
  0x0000019847ff6800 JavaThread "Unconstrained build operations" [_thread_blocked, id=16652, stack(0x000000307f600000,0x000000307f700000)]
  0x0000019847e75000 JavaThread "Unconstrained build operations Thread 2" [_thread_blocked, id=9252, stack(0x000000307f700000,0x000000307f800000)]
  0x0000019847e73800 JavaThread "Unconstrained build operations Thread 3" [_thread_blocked, id=22028, stack(0x000000307f800000,0x000000307f900000)]
  0x0000019847e77000 JavaThread "Unconstrained build operations Thread 4" [_thread_blocked, id=22256, stack(0x000000307f900000,0x000000307fa00000)]
  0x0000019847e78800 JavaThread "Unconstrained build operations Thread 5" [_thread_blocked, id=20296, stack(0x000000307fa00000,0x000000307fb00000)]
  0x0000019847e77800 JavaThread "Unconstrained build operations Thread 6" [_thread_blocked, id=26384, stack(0x000000307fb00000,0x000000307fc00000)]
  0x0000019847e74800 JavaThread "Unconstrained build operations Thread 7" [_thread_blocked, id=17324, stack(0x000000307fc00000,0x000000307fd00000)]
  0x0000019847e79000 JavaThread "Unconstrained build operations Thread 8" [_thread_blocked, id=13492, stack(0x000000307fd00000,0x000000307fe00000)]
  0x0000019847e7a000 JavaThread "Unconstrained build operations Thread 9" [_thread_blocked, id=26316, stack(0x000000307fe00000,0x000000307ff00000)]
  0x0000019847e76000 JavaThread "Unconstrained build operations Thread 10" [_thread_blocked, id=11832, stack(0x000000307ff00000,0x0000003080000000)]
  0x000001985161c000 JavaThread "Unconstrained build operations Thread 11" [_thread_blocked, id=23092, stack(0x0000003000000000,0x0000003000100000)]
  0x0000019851619800 JavaThread "Unconstrained build operations Thread 12" [_thread_blocked, id=344, stack(0x0000003000100000,0x0000003000200000)]
  0x000001985161a800 JavaThread "Unconstrained build operations Thread 13" [_thread_blocked, id=12576, stack(0x0000003000200000,0x0000003000300000)]
  0x000001985161b800 JavaThread "Unconstrained build operations Thread 14" [_thread_blocked, id=11952, stack(0x0000003000300000,0x0000003000400000)]
  0x0000019851616800 JavaThread "Unconstrained build operations Thread 15" [_thread_blocked, id=21312, stack(0x0000003000400000,0x0000003000500000)]
  0x000001985161d000 JavaThread "Unconstrained build operations Thread 16" [_thread_blocked, id=20388, stack(0x0000003000700000,0x0000003000800000)]
  0x0000019851617000 JavaThread "Unconstrained build operations Thread 17" [_thread_blocked, id=22080, stack(0x0000003000800000,0x0000003000900000)]
  0x0000019851618000 JavaThread "Unconstrained build operations Thread 18" [_thread_blocked, id=10452, stack(0x0000003000900000,0x0000003000a00000)]
  0x000001985161d800 JavaThread "Unconstrained build operations Thread 19" [_thread_blocked, id=21884, stack(0x0000003000a00000,0x0000003000b00000)]
  0x0000019851619000 JavaThread "Unconstrained build operations Thread 20" [_thread_blocked, id=21004, stack(0x0000003000b00000,0x0000003000c00000)]
  0x0000019851621000 JavaThread "Unconstrained build operations Thread 21" [_thread_blocked, id=11008, stack(0x0000003000c00000,0x0000003000d00000)]
  0x000001985161f800 JavaThread "Unconstrained build operations Thread 22" [_thread_blocked, id=24380, stack(0x0000003000d00000,0x0000003000e00000)]
  0x000001985161e800 JavaThread "Unconstrained build operations Thread 23" [_thread_blocked, id=7452, stack(0x0000003000e00000,0x0000003000f00000)]
  0x0000019851620000 JavaThread "Unconstrained build operations Thread 24" [_thread_blocked, id=24144, stack(0x0000003000f00000,0x0000003001000000)]
  0x0000019851625000 JavaThread "Unconstrained build operations Thread 25" [_thread_blocked, id=24188, stack(0x0000003001000000,0x0000003001100000)]
  0x0000019851623800 JavaThread "Unconstrained build operations Thread 26" [_thread_blocked, id=26104, stack(0x0000003001100000,0x0000003001200000)]
  0x0000019851622800 JavaThread "Unconstrained build operations Thread 27" [_thread_blocked, id=22468, stack(0x0000003001200000,0x0000003001300000)]
  0x0000019851622000 JavaThread "Unconstrained build operations Thread 28" [_thread_blocked, id=13548, stack(0x0000003001300000,0x0000003001400000)]
  0x0000019851624800 JavaThread "Unconstrained build operations Thread 29" [_thread_blocked, id=24856, stack(0x0000003001400000,0x0000003001500000)]
  0x000001984ba7e800 JavaThread "Unconstrained build operations Thread 30" [_thread_blocked, id=14636, stack(0x0000003001500000,0x0000003001600000)]
  0x000001984ba7b800 JavaThread "Unconstrained build operations Thread 31" [_thread_blocked, id=2596, stack(0x0000003001600000,0x0000003001700000)]
  0x000001984ba7f800 JavaThread "Unconstrained build operations Thread 32" [_thread_blocked, id=20244, stack(0x0000003001700000,0x0000003001800000)]
  0x000001984ba80000 JavaThread "Unconstrained build operations Thread 33" [_thread_blocked, id=17920, stack(0x0000003001800000,0x0000003001900000)]
  0x000001984ba7d800 JavaThread "Unconstrained build operations Thread 34" [_thread_blocked, id=1508, stack(0x0000003001900000,0x0000003001a00000)]
  0x000001984ba81000 JavaThread "Unconstrained build operations Thread 35" [_thread_blocked, id=6068, stack(0x0000003001a00000,0x0000003001b00000)]
  0x000001984ba82000 JavaThread "Unconstrained build operations Thread 36" [_thread_blocked, id=16012, stack(0x0000003001b00000,0x0000003001c00000)]
  0x000001984ba7c000 JavaThread "Unconstrained build operations Thread 37" [_thread_blocked, id=19004, stack(0x0000003001c00000,0x0000003001d00000)]
  0x000001984ba82800 JavaThread "Unconstrained build operations Thread 38" [_thread_blocked, id=25936, stack(0x0000003001d00000,0x0000003001e00000)]
  0x000001984ba7d000 JavaThread "Unconstrained build operations Thread 39" [_thread_blocked, id=25944, stack(0x0000003001e00000,0x0000003001f00000)]
  0x000001984ba85000 JavaThread "Unconstrained build operations Thread 40" [_thread_blocked, id=16308, stack(0x0000003001f00000,0x0000003002000000)]
  0x000001984ba88800 JavaThread "Unconstrained build operations Thread 41" [_thread_blocked, id=17964, stack(0x0000003002000000,0x0000003002100000)]
  0x000001984ba83800 JavaThread "jar transforms Thread 8" [_thread_blocked, id=8804, stack(0x0000003000500000,0x0000003000600000)]
  0x000001984ba86000 JavaThread "jar transforms Thread 9" [_thread_blocked, id=23760, stack(0x0000003000600000,0x0000003000700000)]
  0x000001984ba89000 JavaThread "jar transforms Thread 10" [_thread_blocked, id=19852, stack(0x0000003002100000,0x0000003002200000)]
  0x000001984ba8a000 JavaThread "jar transforms Thread 11" [_thread_blocked, id=22424, stack(0x0000003002200000,0x0000003002300000)]
  0x000001984ba84800 JavaThread "jar transforms Thread 12" [_thread_blocked, id=18276, stack(0x0000003002300000,0x0000003002400000)]
  0x000001984b710000 JavaThread "C2 CompilerThread1" daemon [_thread_blocked, id=4256, stack(0x0000003002400000,0x0000003002500000)]

Other Threads:
=>0x0000019844168800 VMThread "VM Thread" [stack: 0x000000307b500000,0x000000307b600000] [id=25104]
  0x0000019844350800 WatcherThread [stack: 0x000000307bf00000,0x000000307c000000] [id=26156]
  0x000001982902c800 GCTaskThread "GC Thread#0" [stack: 0x000000307b000000,0x000000307b100000] [id=25960]
  0x00000198452f0800 GCTaskThread "GC Thread#1" [stack: 0x000000307c200000,0x000000307c300000] [id=26364]
  0x0000019844a7b800 GCTaskThread "GC Thread#2" [stack: 0x000000307c300000,0x000000307c400000] [id=26360]
  0x0000019845129000 GCTaskThread "GC Thread#3" [stack: 0x000000307c400000,0x000000307c500000] [id=26356]
  0x00000198453f0000 GCTaskThread "GC Thread#4" [stack: 0x000000307c500000,0x000000307c600000] [id=26348]
  0x0000019844ff8000 GCTaskThread "GC Thread#5" [stack: 0x000000307c600000,0x000000307c700000] [id=26340]
  0x0000019847115000 GCTaskThread "GC Thread#6" [stack: 0x000000307d100000,0x000000307d200000] [id=8380]
  0x00000198468c8800 GCTaskThread "GC Thread#7" [stack: 0x000000307d200000,0x000000307d300000] [id=3080]
  0x0000019845197000 GCTaskThread "GC Thread#8" [stack: 0x000000307d300000,0x000000307d400000] [id=26540]
  0x0000019846a0e800 GCTaskThread "GC Thread#9" [stack: 0x000000307d400000,0x000000307d500000] [id=24916]
  0x000001982905d800 ConcurrentGCThread "G1 Main Marker" [stack: 0x000000307b100000,0x000000307b200000] [id=25964]
  0x000001982905f800 ConcurrentGCThread "G1 Conc#0" [stack: 0x000000307b200000,0x000000307b300000] [id=21100]
  0x00000198465e4800 ConcurrentGCThread "G1 Conc#1" [stack: 0x000000307d500000,0x000000307d600000] [id=11116]
  0x0000019845486000 ConcurrentGCThread "G1 Conc#2" [stack: 0x000000307d600000,0x000000307d700000] [id=25124]
  0x00000198437d5000 ConcurrentGCThread "G1 Refine#0" [stack: 0x000000307b300000,0x000000307b400000] [id=20000]
  0x0000019847a6a000 ConcurrentGCThread "G1 Refine#1" [stack: 0x000000307e800000,0x000000307e900000] [id=26552]
  0x0000019849406800 ConcurrentGCThread "G1 Refine#2" [stack: 0x000000307e900000,0x000000307ea00000] [id=26016]
  0x0000019851b9e800 ConcurrentGCThread "G1 Refine#3" [stack: 0x000000307ea00000,0x000000307eb00000] [id=26528]
  0x0000019850ce0800 ConcurrentGCThread "G1 Refine#4" [stack: 0x000000307eb00000,0x000000307ec00000] [id=15696]
  0x000001984b0b3000 ConcurrentGCThread "G1 Refine#5" [stack: 0x000000307ec00000,0x000000307ed00000] [id=15664]
  0x000001984b0b2000 ConcurrentGCThread "G1 Refine#6" [stack: 0x000000307ed00000,0x000000307ee00000] [id=17172]
  0x00000198437d8000 ConcurrentGCThread "G1 Young RemSet Sampling" [stack: 0x000000307b400000,0x000000307b500000] [id=3832]

Threads with active compile tasks:
C2 CompilerThread1 121127 19264       4       org.gradle.internal.reflect.MethodSet::add (50 bytes)

VM state:at safepoint (normal execution)

VM Mutex/Monitor currently owned by a thread:  ([mutex/lock_event])
[0x000001982900d070] Threads_lock - owner thread: 0x0000019844168800
[0x000001982900dc40] Heap_lock - owner thread: 0x00000198476d9800

Heap address: 0x0000000080000000, size: 2048 MB, Compressed Oops mode: 32-bit
Narrow klass base: 0x0000000000000000, Narrow klass shift: 3
Compressed class space size: 528482304 Address: 0x0000000100000000

Heap:
 garbage-first heap   total 260096K, used 106518K [0x0000000080000000, 0x0000000100000000)
  region size 1024K, 4 young (4096K), 4 survivors (4096K)
 Metaspace       used 135559K, capacity 137821K, committed 137936K, reserved 647168K
  class space    used 15756K, capacity 16692K, committed 16768K, reserved 516096K
Heap Regions: E=young(eden), S=young(survivor), O=old, HS=humongous(starts), HC=humongous(continues), CS=collection set, F=free, A=archive, TAMS=top-at-mark-start (previous, next)
|   0|0x0000000080000000, 0x0000000080100000, 0x0000000080100000|100%|HS|  |TAMS 0x0000000080100000, 0x0000000080100000| Complete 
|   1|0x0000000080100000, 0x0000000080200000, 0x0000000080200000|100%|HC|  |TAMS 0x0000000080200000, 0x0000000080200000| Complete 
|   2|0x0000000080200000, 0x0000000080300000, 0x0000000080300000|100%|HC|  |TAMS 0x0000000080300000, 0x0000000080300000| Complete 
|   3|0x0000000080300000, 0x0000000080400000, 0x0000000080400000|100%|HC|  |TAMS 0x0000000080400000, 0x0000000080400000| Complete 
|   4|0x0000000080400000, 0x0000000080500000, 0x0000000080500000|100%| O|  |TAMS 0x0000000080500000, 0x0000000080500000| Untracked 
|   5|0x0000000080500000, 0x0000000080600000, 0x0000000080600000|100%| O|  |TAMS 0x0000000080600000, 0x0000000080600000| Untracked 
|   6|0x0000000080600000, 0x0000000080700000, 0x0000000080700000|100%| O|  |TAMS 0x0000000080700000, 0x0000000080700000| Untracked 
|   7|0x0000000080700000, 0x0000000080800000, 0x0000000080800000|100%| O|  |TAMS 0x0000000080800000, 0x0000000080800000| Untracked 
|   8|0x0000000080800000, 0x0000000080900000, 0x0000000080900000|100%| O|  |TAMS 0x0000000080900000, 0x0000000080900000| Untracked 
|   9|0x0000000080900000, 0x0000000080a00000, 0x0000000080a00000|100%| O|  |TAMS 0x0000000080a00000, 0x0000000080a00000| Untracked 
|  10|0x0000000080a00000, 0x0000000080b00000, 0x0000000080b00000|100%| O|  |TAMS 0x0000000080b00000, 0x0000000080b00000| Untracked 
|  11|0x0000000080b00000, 0x0000000080c00000, 0x0000000080c00000|100%| O|  |TAMS 0x0000000080c00000, 0x0000000080c00000| Untracked 
|  12|0x0000000080c00000, 0x0000000080d00000, 0x0000000080d00000|100%| O|  |TAMS 0x0000000080d00000, 0x0000000080d00000| Untracked 
|  13|0x0000000080d00000, 0x0000000080e00000, 0x0000000080e00000|100%| O|  |TAMS 0x0000000080e00000, 0x0000000080e00000| Untracked 
|  14|0x0000000080e00000, 0x0000000080f00000, 0x0000000080f00000|100%| O|  |TAMS 0x0000000080f00000, 0x0000000080f00000| Untracked 
|  15|0x0000000080f00000, 0x0000000081000000, 0x0000000081000000|100%| O|  |TAMS 0x0000000081000000, 0x0000000081000000| Untracked 
|  16|0x0000000081000000, 0x0000000081100000, 0x0000000081100000|100%| O|  |TAMS 0x0000000081100000, 0x0000000081100000| Untracked 
|  17|0x0000000081100000, 0x0000000081200000, 0x0000000081200000|100%| O|  |TAMS 0x0000000081200000, 0x0000000081200000| Untracked 
|  18|0x0000000081200000, 0x0000000081300000, 0x0000000081300000|100%| O|  |TAMS 0x0000000081300000, 0x0000000081300000| Untracked 
|  19|0x0000000081300000, 0x0000000081400000, 0x0000000081400000|100%| O|  |TAMS 0x0000000081400000, 0x0000000081400000| Untracked 
|  20|0x0000000081400000, 0x0000000081500000, 0x0000000081500000|100%| O|  |TAMS 0x0000000081500000, 0x0000000081500000| Untracked 
|  21|0x0000000081500000, 0x0000000081600000, 0x0000000081600000|100%| O|  |TAMS 0x0000000081600000, 0x0000000081600000| Untracked 
|  22|0x0000000081600000, 0x0000000081700000, 0x0000000081700000|100%| O|  |TAMS 0x0000000081700000, 0x0000000081700000| Untracked 
|  23|0x0000000081700000, 0x0000000081800000, 0x0000000081800000|100%| O|  |TAMS 0x0000000081800000, 0x0000000081800000| Untracked 
|  24|0x0000000081800000, 0x0000000081900000, 0x0000000081900000|100%| O|  |TAMS 0x0000000081900000, 0x0000000081900000| Untracked 
|  25|0x0000000081900000, 0x0000000081a00000, 0x0000000081a00000|100%| O|  |TAMS 0x0000000081a00000, 0x0000000081a00000| Untracked 
|  26|0x0000000081a00000, 0x0000000081b00000, 0x0000000081b00000|100%| O|  |TAMS 0x0000000081b00000, 0x0000000081b00000| Untracked 
|  27|0x0000000081b00000, 0x0000000081c00000, 0x0000000081c00000|100%| O|  |TAMS 0x0000000081c00000, 0x0000000081c00000| Untracked 
|  28|0x0000000081c00000, 0x0000000081d00000, 0x0000000081d00000|100%| O|  |TAMS 0x0000000081d00000, 0x0000000081d00000| Untracked 
|  29|0x0000000081d00000, 0x0000000081d00000, 0x0000000081e00000|  0%| F|  |TAMS 0x0000000081d00000, 0x0000000081d00000| Untracked 
|  30|0x0000000081e00000, 0x0000000081f00000, 0x0000000081f00000|100%| O|  |TAMS 0x0000000081e00000, 0x0000000081f00000| Untracked 
|  31|0x0000000081f00000, 0x0000000082000000, 0x0000000082000000|100%| O|  |TAMS 0x0000000081f00000, 0x0000000082000000| Untracked 
|  32|0x0000000082000000, 0x0000000082000000, 0x0000000082100000|  0%| F|  |TAMS 0x0000000082000000, 0x0000000082000000| Untracked 
|  33|0x0000000082100000, 0x0000000082200000, 0x0000000082200000|100%| O|  |TAMS 0x0000000082100000, 0x0000000082200000| Untracked 
|  34|0x0000000082200000, 0x0000000082300000, 0x0000000082300000|100%|HS|  |TAMS 0x0000000082300000, 0x0000000082300000| Complete 
|  35|0x0000000082300000, 0x0000000082400000, 0x0000000082400000|100%|HC|  |TAMS 0x0000000082400000, 0x0000000082400000| Complete 
|  36|0x0000000082400000, 0x0000000082500000, 0x0000000082500000|100%|HC|  |TAMS 0x0000000082500000, 0x0000000082500000| Complete 
|  37|0x0000000082500000, 0x0000000082600000, 0x0000000082600000|100%|HC|  |TAMS 0x0000000082600000, 0x0000000082600000| Complete 
|  38|0x0000000082600000, 0x0000000082700000, 0x0000000082700000|100%| O|  |TAMS 0x0000000082700000, 0x0000000082700000| Untracked 
|  39|0x0000000082700000, 0x0000000082800000, 0x0000000082800000|100%| O|  |TAMS 0x0000000082800000, 0x0000000082800000| Untracked 
|  40|0x0000000082800000, 0x0000000082900000, 0x0000000082900000|100%| O|  |TAMS 0x0000000082900000, 0x0000000082900000| Untracked 
|  41|0x0000000082900000, 0x0000000082a00000, 0x0000000082a00000|100%| O|  |TAMS 0x0000000082a00000, 0x0000000082a00000| Untracked 
|  42|0x0000000082a00000, 0x0000000082b00000, 0x0000000082b00000|100%| O|  |TAMS 0x0000000082b00000, 0x0000000082b00000| Untracked 
|  43|0x0000000082b00000, 0x0000000082c00000, 0x0000000082c00000|100%| O|  |TAMS 0x0000000082c00000, 0x0000000082c00000| Untracked 
|  44|0x0000000082c00000, 0x0000000082d00000, 0x0000000082d00000|100%| O|  |TAMS 0x0000000082d00000, 0x0000000082d00000| Untracked 
|  45|0x0000000082d00000, 0x0000000082e00000, 0x0000000082e00000|100%| O|  |TAMS 0x0000000082e00000, 0x0000000082e00000| Untracked 
|  46|0x0000000082e00000, 0x0000000082f00000, 0x0000000082f00000|100%| O|  |TAMS 0x0000000082f00000, 0x0000000082f00000| Untracked 
|  47|0x0000000082f00000, 0x0000000083000000, 0x0000000083000000|100%| O|  |TAMS 0x0000000083000000, 0x0000000083000000| Untracked 
|  48|0x0000000083000000, 0x0000000083100000, 0x0000000083100000|100%| O|  |TAMS 0x0000000083000000, 0x0000000083100000| Untracked 
|  49|0x0000000083100000, 0x0000000083200000, 0x0000000083200000|100%| O|  |TAMS 0x0000000083200000, 0x0000000083200000| Untracked 
|  50|0x0000000083200000, 0x0000000083300000, 0x0000000083300000|100%| O|  |TAMS 0x0000000083300000, 0x0000000083300000| Untracked 
|  51|0x0000000083300000, 0x0000000083400000, 0x0000000083400000|100%| O|  |TAMS 0x0000000083400000, 0x0000000083400000| Untracked 
|  52|0x0000000083400000, 0x0000000083500000, 0x0000000083500000|100%| O|  |TAMS 0x0000000083500000, 0x0000000083500000| Untracked 
|  53|0x0000000083500000, 0x0000000083600000, 0x0000000083600000|100%| O|  |TAMS 0x0000000083600000, 0x0000000083600000| Untracked 
|  54|0x0000000083600000, 0x0000000083700000, 0x0000000083700000|100%| O|  |TAMS 0x0000000083700000, 0x0000000083700000| Untracked 
|  55|0x0000000083700000, 0x0000000083800000, 0x0000000083800000|100%| O|  |TAMS 0x0000000083800000, 0x0000000083800000| Untracked 
|  56|0x0000000083800000, 0x0000000083900000, 0x0000000083900000|100%| O|  |TAMS 0x0000000083900000, 0x0000000083900000| Untracked 
|  57|0x0000000083900000, 0x0000000083a00000, 0x0000000083a00000|100%| O|  |TAMS 0x0000000083a00000, 0x0000000083a00000| Untracked 
|  58|0x0000000083a00000, 0x0000000083b00000, 0x0000000083b00000|100%| O|  |TAMS 0x0000000083b00000, 0x0000000083b00000| Untracked 
|  59|0x0000000083b00000, 0x0000000083b00000, 0x0000000083c00000|  0%| F|  |TAMS 0x0000000083b00000, 0x0000000083b00000| Untracked 
|  60|0x0000000083c00000, 0x0000000083c6ba00, 0x0000000083d00000| 42%| O|  |TAMS 0x0000000083c00000, 0x0000000083c6ba00| Untracked 
|  61|0x0000000083d00000, 0x0000000083e00000, 0x0000000083e00000|100%|HS|  |TAMS 0x0000000083d00000, 0x0000000083e00000| Complete 
|  62|0x0000000083e00000, 0x0000000083f00000, 0x0000000083f00000|100%|HC|  |TAMS 0x0000000083e00000, 0x0000000083f00000| Complete 
|  63|0x0000000083f00000, 0x0000000084000000, 0x0000000084000000|100%| O|  |TAMS 0x0000000084000000, 0x0000000084000000| Untracked 
|  64|0x0000000084000000, 0x0000000084100000, 0x0000000084100000|100%| O|  |TAMS 0x0000000084100000, 0x0000000084100000| Untracked 
|  65|0x0000000084100000, 0x0000000084200000, 0x0000000084200000|100%| O|  |TAMS 0x0000000084200000, 0x0000000084200000| Untracked 
|  66|0x0000000084200000, 0x0000000084300000, 0x0000000084300000|100%| O|  |TAMS 0x0000000084300000, 0x0000000084300000| Untracked 
|  67|0x0000000084300000, 0x0000000084400000, 0x0000000084400000|100%| O|  |TAMS 0x0000000084300000, 0x0000000084400000| Untracked 
|  68|0x0000000084400000, 0x0000000084500000, 0x0000000084500000|100%| O|  |TAMS 0x0000000084400000, 0x0000000084500000| Untracked 
|  69|0x0000000084500000, 0x0000000084500000, 0x0000000084600000|  0%| F|  |TAMS 0x0000000084500000, 0x0000000084500000| Untracked 
|  70|0x0000000084600000, 0x0000000084600000, 0x0000000084700000|  0%| F|  |TAMS 0x0000000084600000, 0x0000000084600000| Untracked 
|  71|0x0000000084700000, 0x0000000084700000, 0x0000000084800000|  0%| F|  |TAMS 0x0000000084700000, 0x0000000084700000| Untracked 
|  72|0x0000000084800000, 0x0000000084900000, 0x0000000084900000|100%| O|  |TAMS 0x0000000084900000, 0x0000000084900000| Untracked 
|  73|0x0000000084900000, 0x0000000084a00000, 0x0000000084a00000|100%| O|  |TAMS 0x0000000084a00000, 0x0000000084a00000| Untracked 
|  74|0x0000000084a00000, 0x0000000084a00000, 0x0000000084b00000|  0%| F|  |TAMS 0x0000000084a00000, 0x0000000084a00000| Untracked 
|  75|0x0000000084b00000, 0x0000000084b00000, 0x0000000084c00000|  0%| F|  |TAMS 0x0000000084b00000, 0x0000000084b00000| Untracked 
|  76|0x0000000084c00000, 0x0000000084c00000, 0x0000000084d00000|  0%| F|  |TAMS 0x0000000084c00000, 0x0000000084c00000| Untracked 
|  77|0x0000000084d00000, 0x0000000084d00000, 0x0000000084e00000|  0%| F|  |TAMS 0x0000000084d00000, 0x0000000084d00000| Untracked 
|  78|0x0000000084e00000, 0x0000000084f00000, 0x0000000084f00000|100%|HS|  |TAMS 0x0000000084e00000, 0x0000000084f00000| Complete 
|  79|0x0000000084f00000, 0x0000000085000000, 0x0000000085000000|100%|HC|  |TAMS 0x0000000084f00000, 0x0000000085000000| Complete 
|  80|0x0000000085000000, 0x0000000085100000, 0x0000000085100000|100%|HC|  |TAMS 0x0000000085000000, 0x0000000085100000| Complete 
|  81|0x0000000085100000, 0x0000000085200000, 0x0000000085200000|100%|HC|  |TAMS 0x0000000085100000, 0x0000000085200000| Complete 
|  82|0x0000000085200000, 0x0000000085200000, 0x0000000085300000|  0%| F|  |TAMS 0x0000000085200000, 0x0000000085200000| Untracked 
|  83|0x0000000085300000, 0x0000000085300000, 0x0000000085400000|  0%| F|  |TAMS 0x0000000085300000, 0x0000000085300000| Untracked 
|  84|0x0000000085400000, 0x0000000085400000, 0x0000000085500000|  0%| F|  |TAMS 0x0000000085400000, 0x0000000085400000| Untracked 
|  85|0x0000000085500000, 0x0000000085500000, 0x0000000085600000|  0%| F|  |TAMS 0x0000000085500000, 0x0000000085500000| Untracked 
|  86|0x0000000085600000, 0x0000000085600000, 0x0000000085700000|  0%| F|  |TAMS 0x0000000085600000, 0x0000000085600000| Untracked 
|  87|0x0000000085700000, 0x0000000085700000, 0x0000000085800000|  0%| F|  |TAMS 0x0000000085700000, 0x0000000085700000| Untracked 
|  88|0x0000000085800000, 0x0000000085800000, 0x0000000085900000|  0%| F|  |TAMS 0x0000000085800000, 0x0000000085800000| Untracked 
|  89|0x0000000085900000, 0x0000000085900000, 0x0000000085a00000|  0%| F|  |TAMS 0x0000000085900000, 0x0000000085900000| Untracked 
|  90|0x0000000085a00000, 0x0000000085a00000, 0x0000000085b00000|  0%| F|  |TAMS 0x0000000085a00000, 0x0000000085a00000| Untracked 
|  91|0x0000000085b00000, 0x0000000085c00000, 0x0000000085c00000|100%|HS|  |TAMS 0x0000000085c00000, 0x0000000085c00000| Complete 
|  92|0x0000000085c00000, 0x0000000085d00000, 0x0000000085d00000|100%|HC|  |TAMS 0x0000000085d00000, 0x0000000085d00000| Complete 
|  93|0x0000000085d00000, 0x0000000085e00000, 0x0000000085e00000|100%|HC|  |TAMS 0x0000000085e00000, 0x0000000085e00000| Complete 
|  94|0x0000000085e00000, 0x0000000085f00000, 0x0000000085f00000|100%|HC|  |TAMS 0x0000000085f00000, 0x0000000085f00000| Complete 
|  95|0x0000000085f00000, 0x0000000086000000, 0x0000000086000000|100%|HC|  |TAMS 0x0000000086000000, 0x0000000086000000| Complete 
|  96|0x0000000086000000, 0x0000000086100000, 0x0000000086100000|100%|HC|  |TAMS 0x0000000086100000, 0x0000000086100000| Complete 
|  97|0x0000000086100000, 0x0000000086200000, 0x0000000086200000|100%| O|  |TAMS 0x0000000086200000, 0x0000000086200000| Untracked 
|  98|0x0000000086200000, 0x0000000086200000, 0x0000000086300000|  0%| F|  |TAMS 0x0000000086200000, 0x0000000086200000| Untracked 
|  99|0x0000000086300000, 0x0000000086400000, 0x0000000086400000|100%| O|  |TAMS 0x0000000086400000, 0x0000000086400000| Untracked 
| 100|0x0000000086400000, 0x0000000086500000, 0x0000000086500000|100%| O|  |TAMS 0x0000000086500000, 0x0000000086500000| Untracked 
| 101|0x0000000086500000, 0x0000000086500000, 0x0000000086600000|  0%| F|  |TAMS 0x0000000086500000, 0x0000000086500000| Untracked 
| 102|0x0000000086600000, 0x0000000086700000, 0x0000000086700000|100%| O|  |TAMS 0x0000000086700000, 0x0000000086700000| Untracked 
| 103|0x0000000086700000, 0x0000000086800000, 0x0000000086800000|100%| O|  |TAMS 0x0000000086800000, 0x0000000086800000| Untracked 
| 104|0x0000000086800000, 0x0000000086900000, 0x0000000086900000|100%| O|  |TAMS 0x0000000086900000, 0x0000000086900000| Untracked 
| 105|0x0000000086900000, 0x0000000086a00000, 0x0000000086a00000|100%| O|  |TAMS 0x0000000086a00000, 0x0000000086a00000| Untracked 
| 106|0x0000000086a00000, 0x0000000086b00000, 0x0000000086b00000|100%| O|  |TAMS 0x0000000086b00000, 0x0000000086b00000| Untracked 
| 107|0x0000000086b00000, 0x0000000086c00000, 0x0000000086c00000|100%| O|  |TAMS 0x0000000086c00000, 0x0000000086c00000| Untracked 
| 108|0x0000000086c00000, 0x0000000086d00000, 0x0000000086d00000|100%| O|  |TAMS 0x0000000086d00000, 0x0000000086d00000| Untracked 
| 109|0x0000000086d00000, 0x0000000086e00000, 0x0000000086e00000|100%| O|  |TAMS 0x0000000086e00000, 0x0000000086e00000| Untracked 
| 110|0x0000000086e00000, 0x0000000086e00000, 0x0000000086f00000|  0%| F|  |TAMS 0x0000000086e00000, 0x0000000086e00000| Untracked 
| 111|0x0000000086f00000, 0x0000000086f00000, 0x0000000087000000|  0%| F|  |TAMS 0x0000000086f00000, 0x0000000086f00000| Untracked 
| 112|0x0000000087000000, 0x0000000087100000, 0x0000000087100000|100%| O|  |TAMS 0x0000000087070400, 0x0000000087100000| Untracked 
| 113|0x0000000087100000, 0x0000000087200000, 0x0000000087200000|100%| O|  |TAMS 0x0000000087100000, 0x0000000087200000| Untracked 
| 114|0x0000000087200000, 0x0000000087300000, 0x0000000087300000|100%| O|  |TAMS 0x0000000087200000, 0x0000000087300000| Untracked 
| 115|0x0000000087300000, 0x0000000087400000, 0x0000000087400000|100%| O|  |TAMS 0x0000000087300000, 0x0000000087400000| Untracked 
| 116|0x0000000087400000, 0x0000000087500000, 0x0000000087500000|100%| O|  |TAMS 0x0000000087400000, 0x0000000087500000| Untracked 
| 117|0x0000000087500000, 0x0000000087600000, 0x0000000087600000|100%| O|  |TAMS 0x0000000087500000, 0x0000000087600000| Untracked 
| 118|0x0000000087600000, 0x0000000087700000, 0x0000000087700000|100%| O|  |TAMS 0x0000000087600000, 0x0000000087700000| Untracked 
| 119|0x0000000087700000, 0x0000000087700000, 0x0000000087800000|  0%| F|  |TAMS 0x0000000087700000, 0x0000000087700000| Untracked 
| 120|0x0000000087800000, 0x0000000087800000, 0x0000000087900000|  0%| F|  |TAMS 0x0000000087800000, 0x0000000087800000| Untracked 
| 121|0x0000000087900000, 0x0000000087900000, 0x0000000087a00000|  0%| F|  |TAMS 0x0000000087900000, 0x0000000087900000| Untracked 
| 122|0x0000000087a00000, 0x0000000087a00000, 0x0000000087b00000|  0%| F|  |TAMS 0x0000000087a00000, 0x0000000087a00000| Untracked 
| 123|0x0000000087b00000, 0x0000000087b00000, 0x0000000087c00000|  0%| F|  |TAMS 0x0000000087b00000, 0x0000000087b00000| Untracked 
| 124|0x0000000087c00000, 0x0000000087d00000, 0x0000000087d00000|100%| O|  |TAMS 0x0000000087d00000, 0x0000000087d00000| Untracked 
| 125|0x0000000087d00000, 0x0000000087d00000, 0x0000000087e00000|  0%| F|  |TAMS 0x0000000087d00000, 0x0000000087d00000| Untracked 
| 126|0x0000000087e00000, 0x0000000087e00000, 0x0000000087f00000|  0%| F|  |TAMS 0x0000000087e00000, 0x0000000087e00000| Untracked 
| 127|0x0000000087f00000, 0x0000000088000000, 0x0000000088000000|100%| O|  |TAMS 0x0000000088000000, 0x0000000088000000| Untracked 
| 128|0x0000000088000000, 0x0000000088100000, 0x0000000088100000|100%| O|  |TAMS 0x0000000088100000, 0x0000000088100000| Untracked 
| 129|0x0000000088100000, 0x0000000088200000, 0x0000000088200000|100%| O|  |TAMS 0x0000000088200000, 0x0000000088200000| Untracked 
| 130|0x0000000088200000, 0x0000000088200000, 0x0000000088300000|  0%| F|  |TAMS 0x0000000088200000, 0x0000000088200000| Untracked 
| 131|0x0000000088300000, 0x0000000088300000, 0x0000000088400000|  0%| F|  |TAMS 0x0000000088300000, 0x0000000088300000| Untracked 
| 132|0x0000000088400000, 0x0000000088400000, 0x0000000088500000|  0%| F|  |TAMS 0x0000000088400000, 0x0000000088400000| Untracked 
| 133|0x0000000088500000, 0x0000000088500000, 0x0000000088600000|  0%| F|  |TAMS 0x0000000088500000, 0x0000000088500000| Untracked 
| 134|0x0000000088600000, 0x0000000088700000, 0x0000000088700000|100%| O|  |TAMS 0x0000000088700000, 0x0000000088700000| Untracked 
| 135|0x0000000088700000, 0x0000000088700000, 0x0000000088800000|  0%| F|  |TAMS 0x0000000088700000, 0x0000000088700000| Untracked 
| 136|0x0000000088800000, 0x0000000088800000, 0x0000000088900000|  0%| F|  |TAMS 0x0000000088800000, 0x0000000088800000| Untracked 
| 137|0x0000000088900000, 0x0000000088900000, 0x0000000088a00000|  0%| F|  |TAMS 0x0000000088900000, 0x0000000088900000| Untracked 
| 138|0x0000000088a00000, 0x0000000088a00000, 0x0000000088b00000|  0%| F|  |TAMS 0x0000000088a00000, 0x0000000088a00000| Untracked 
| 139|0x0000000088b00000, 0x0000000088b00000, 0x0000000088c00000|  0%| F|  |TAMS 0x0000000088b00000, 0x0000000088b00000| Untracked 
| 140|0x0000000088c00000, 0x0000000088c00000, 0x0000000088d00000|  0%| F|  |TAMS 0x0000000088c00000, 0x0000000088c00000| Untracked 
| 141|0x0000000088d00000, 0x0000000088d00000, 0x0000000088e00000|  0%| F|  |TAMS 0x0000000088d00000, 0x0000000088d00000| Untracked 
| 142|0x0000000088e00000, 0x0000000088e00000, 0x0000000088f00000|  0%| F|  |TAMS 0x0000000088e00000, 0x0000000088e00000| Untracked 
| 143|0x0000000088f00000, 0x0000000088f00000, 0x0000000089000000|  0%| F|  |TAMS 0x0000000088f00000, 0x0000000088f00000| Untracked 
| 144|0x0000000089000000, 0x0000000089000000, 0x0000000089100000|  0%| F|  |TAMS 0x0000000089000000, 0x0000000089000000| Untracked 
| 145|0x0000000089100000, 0x0000000089100000, 0x0000000089200000|  0%| F|  |TAMS 0x0000000089100000, 0x0000000089100000| Untracked 
| 146|0x0000000089200000, 0x0000000089200000, 0x0000000089300000|  0%| F|  |TAMS 0x0000000089200000, 0x0000000089200000| Untracked 
| 147|0x0000000089300000, 0x0000000089300000, 0x0000000089400000|  0%| F|  |TAMS 0x0000000089300000, 0x0000000089300000| Untracked 
| 148|0x0000000089400000, 0x0000000089400000, 0x0000000089500000|  0%| F|  |TAMS 0x0000000089400000, 0x0000000089400000| Untracked 
| 149|0x0000000089500000, 0x0000000089500000, 0x0000000089600000|  0%| F|  |TAMS 0x0000000089500000, 0x0000000089500000| Untracked 
| 150|0x0000000089600000, 0x0000000089600000, 0x0000000089700000|  0%| F|  |TAMS 0x0000000089600000, 0x0000000089600000| Untracked 
| 151|0x0000000089700000, 0x0000000089700000, 0x0000000089800000|  0%| F|  |TAMS 0x0000000089700000, 0x0000000089700000| Untracked 
| 152|0x0000000089800000, 0x0000000089800000, 0x0000000089900000|  0%| F|  |TAMS 0x0000000089800000, 0x0000000089800000| Untracked 
| 153|0x0000000089900000, 0x0000000089900000, 0x0000000089a00000|  0%| F|  |TAMS 0x0000000089900000, 0x0000000089900000| Untracked 
| 154|0x0000000089a00000, 0x0000000089a00000, 0x0000000089b00000|  0%| F|  |TAMS 0x0000000089a00000, 0x0000000089a00000| Untracked 
| 155|0x0000000089b00000, 0x0000000089b00000, 0x0000000089c00000|  0%| F|  |TAMS 0x0000000089b00000, 0x0000000089b00000| Untracked 
| 156|0x0000000089c00000, 0x0000000089c00000, 0x0000000089d00000|  0%| F|  |TAMS 0x0000000089c00000, 0x0000000089c00000| Untracked 
| 157|0x0000000089d00000, 0x0000000089d00000, 0x0000000089e00000|  0%| F|  |TAMS 0x0000000089d00000, 0x0000000089d00000| Untracked 
| 158|0x0000000089e00000, 0x0000000089e00000, 0x0000000089f00000|  0%| F|  |TAMS 0x0000000089e00000, 0x0000000089e00000| Untracked 
| 159|0x0000000089f00000, 0x0000000089f00000, 0x000000008a000000|  0%| F|  |TAMS 0x0000000089f00000, 0x0000000089f00000| Untracked 
| 160|0x000000008a000000, 0x000000008a000000, 0x000000008a100000|  0%| F|  |TAMS 0x000000008a000000, 0x000000008a000000| Untracked 
| 161|0x000000008a100000, 0x000000008a100000, 0x000000008a200000|  0%| F|  |TAMS 0x000000008a100000, 0x000000008a100000| Untracked 
| 162|0x000000008a200000, 0x000000008a200000, 0x000000008a300000|  0%| F|  |TAMS 0x000000008a200000, 0x000000008a200000| Untracked 
| 163|0x000000008a300000, 0x000000008a300000, 0x000000008a400000|  0%| F|  |TAMS 0x000000008a300000, 0x000000008a300000| Untracked 
| 164|0x000000008a400000, 0x000000008a400000, 0x000000008a500000|  0%| F|  |TAMS 0x000000008a400000, 0x000000008a400000| Untracked 
| 165|0x000000008a500000, 0x000000008a500000, 0x000000008a600000|  0%| F|  |TAMS 0x000000008a500000, 0x000000008a500000| Untracked 
| 166|0x000000008a600000, 0x000000008a600000, 0x000000008a700000|  0%| F|  |TAMS 0x000000008a600000, 0x000000008a600000| Untracked 
| 167|0x000000008a700000, 0x000000008a700000, 0x000000008a800000|  0%| F|  |TAMS 0x000000008a700000, 0x000000008a700000| Untracked 
| 168|0x000000008a800000, 0x000000008a800000, 0x000000008a900000|  0%| F|  |TAMS 0x000000008a800000, 0x000000008a800000| Untracked 
| 169|0x000000008a900000, 0x000000008a900000, 0x000000008aa00000|  0%| F|  |TAMS 0x000000008a900000, 0x000000008a900000| Untracked 
| 170|0x000000008aa00000, 0x000000008aa00000, 0x000000008ab00000|  0%| F|  |TAMS 0x000000008aa00000, 0x000000008aa00000| Untracked 
| 171|0x000000008ab00000, 0x000000008ab00000, 0x000000008ac00000|  0%| F|  |TAMS 0x000000008ab00000, 0x000000008ab00000| Untracked 
| 172|0x000000008ac00000, 0x000000008ac00000, 0x000000008ad00000|  0%| F|  |TAMS 0x000000008ac00000, 0x000000008ac00000| Untracked 
| 173|0x000000008ad00000, 0x000000008ad00000, 0x000000008ae00000|  0%| F|  |TAMS 0x000000008ad00000, 0x000000008ad00000| Untracked 
| 174|0x000000008ae00000, 0x000000008ae00000, 0x000000008af00000|  0%| F|  |TAMS 0x000000008ae00000, 0x000000008ae00000| Untracked 
| 175|0x000000008af00000, 0x000000008af00000, 0x000000008b000000|  0%| F|  |TAMS 0x000000008af00000, 0x000000008af00000| Untracked 
| 176|0x000000008b000000, 0x000000008b000000, 0x000000008b100000|  0%| F|  |TAMS 0x000000008b000000, 0x000000008b000000| Untracked 
| 177|0x000000008b100000, 0x000000008b100000, 0x000000008b200000|  0%| F|  |TAMS 0x000000008b100000, 0x000000008b100000| Untracked 
| 178|0x000000008b200000, 0x000000008b200000, 0x000000008b300000|  0%| F|  |TAMS 0x000000008b200000, 0x000000008b200000| Untracked 
| 179|0x000000008b300000, 0x000000008b300000, 0x000000008b400000|  0%| F|  |TAMS 0x000000008b300000, 0x000000008b300000| Untracked 
| 180|0x000000008b400000, 0x000000008b400000, 0x000000008b500000|  0%| F|  |TAMS 0x000000008b400000, 0x000000008b400000| Untracked 
| 181|0x000000008b500000, 0x000000008b500000, 0x000000008b600000|  0%| F|  |TAMS 0x000000008b500000, 0x000000008b500000| Untracked 
| 182|0x000000008b600000, 0x000000008b600000, 0x000000008b700000|  0%| F|  |TAMS 0x000000008b600000, 0x000000008b600000| Untracked 
| 183|0x000000008b700000, 0x000000008b700000, 0x000000008b800000|  0%| F|  |TAMS 0x000000008b700000, 0x000000008b700000| Untracked 
| 184|0x000000008b800000, 0x000000008b800000, 0x000000008b900000|  0%| F|  |TAMS 0x000000008b800000, 0x000000008b800000| Untracked 
| 185|0x000000008b900000, 0x000000008b900000, 0x000000008ba00000|  0%| F|  |TAMS 0x000000008b900000, 0x000000008b900000| Untracked 
| 186|0x000000008ba00000, 0x000000008ba00000, 0x000000008bb00000|  0%| F|  |TAMS 0x000000008ba00000, 0x000000008ba00000| Untracked 
| 187|0x000000008bb00000, 0x000000008bb00000, 0x000000008bc00000|  0%| F|  |TAMS 0x000000008bb00000, 0x000000008bb00000| Untracked 
| 188|0x000000008bc00000, 0x000000008bc00000, 0x000000008bd00000|  0%| F|  |TAMS 0x000000008bc00000, 0x000000008bc00000| Untracked 
| 189|0x000000008bd00000, 0x000000008bd00000, 0x000000008be00000|  0%| F|  |TAMS 0x000000008bd00000, 0x000000008bd00000| Untracked 
| 190|0x000000008be00000, 0x000000008be00000, 0x000000008bf00000|  0%| F|  |TAMS 0x000000008be00000, 0x000000008be00000| Untracked 
| 191|0x000000008bf00000, 0x000000008bf00000, 0x000000008c000000|  0%| F|  |TAMS 0x000000008bf00000, 0x000000008bf00000| Untracked 
| 192|0x000000008c000000, 0x000000008c000000, 0x000000008c100000|  0%| F|  |TAMS 0x000000008c000000, 0x000000008c000000| Untracked 
| 193|0x000000008c100000, 0x000000008c100000, 0x000000008c200000|  0%| F|  |TAMS 0x000000008c100000, 0x000000008c100000| Untracked 
| 194|0x000000008c200000, 0x000000008c200000, 0x000000008c300000|  0%| F|  |TAMS 0x000000008c200000, 0x000000008c200000| Untracked 
| 195|0x000000008c300000, 0x000000008c300000, 0x000000008c400000|  0%| F|  |TAMS 0x000000008c300000, 0x000000008c300000| Untracked 
| 196|0x000000008c400000, 0x000000008c400000, 0x000000008c500000|  0%| F|  |TAMS 0x000000008c400000, 0x000000008c400000| Untracked 
| 197|0x000000008c500000, 0x000000008c500000, 0x000000008c600000|  0%| F|  |TAMS 0x000000008c500000, 0x000000008c500000| Untracked 
| 198|0x000000008c600000, 0x000000008c69a040, 0x000000008c700000| 60%| S|CS|TAMS 0x000000008c600000, 0x000000008c600000| Complete 
| 199|0x000000008c700000, 0x000000008c800000, 0x000000008c800000|100%| S|CS|TAMS 0x000000008c700000, 0x000000008c700000| Complete 
| 200|0x000000008c800000, 0x000000008c900000, 0x000000008c900000|100%| S|CS|TAMS 0x000000008c800000, 0x000000008c800000| Complete 
| 201|0x000000008c900000, 0x000000008ca00000, 0x000000008ca00000|100%| S|CS|TAMS 0x000000008c900000, 0x000000008c900000| Complete 
| 202|0x000000008ca00000, 0x000000008ca00000, 0x000000008cb00000|  0%| F|  |TAMS 0x000000008ca00000, 0x000000008ca00000| Untracked 
| 203|0x000000008cb00000, 0x000000008cb00000, 0x000000008cc00000|  0%| F|  |TAMS 0x000000008cb00000, 0x000000008cb00000| Untracked 
| 204|0x000000008cc00000, 0x000000008cc00000, 0x000000008cd00000|  0%| F|  |TAMS 0x000000008cc00000, 0x000000008cc00000| Untracked 
| 205|0x000000008cd00000, 0x000000008cd00000, 0x000000008ce00000|  0%| F|  |TAMS 0x000000008cd00000, 0x000000008cd00000| Untracked 
| 206|0x000000008ce00000, 0x000000008ce00000, 0x000000008cf00000|  0%| F|  |TAMS 0x000000008ce00000, 0x000000008ce00000| Untracked 
| 207|0x000000008cf00000, 0x000000008cf00000, 0x000000008d000000|  0%| F|  |TAMS 0x000000008cf00000, 0x000000008cf00000| Untracked 
| 208|0x000000008d000000, 0x000000008d000000, 0x000000008d100000|  0%| F|  |TAMS 0x000000008d000000, 0x000000008d000000| Untracked 
| 209|0x000000008d100000, 0x000000008d100000, 0x000000008d200000|  0%| F|  |TAMS 0x000000008d100000, 0x000000008d100000| Untracked 
| 210|0x000000008d200000, 0x000000008d200000, 0x000000008d300000|  0%| F|  |TAMS 0x000000008d200000, 0x000000008d200000| Untracked 
| 211|0x000000008d300000, 0x000000008d300000, 0x000000008d400000|  0%| F|  |TAMS 0x000000008d300000, 0x000000008d300000| Untracked 
| 212|0x000000008d400000, 0x000000008d400000, 0x000000008d500000|  0%| F|  |TAMS 0x000000008d400000, 0x000000008d400000| Untracked 
| 213|0x000000008d500000, 0x000000008d500000, 0x000000008d600000|  0%| F|  |TAMS 0x000000008d500000, 0x000000008d500000| Untracked 
| 214|0x000000008d600000, 0x000000008d600000, 0x000000008d700000|  0%| F|  |TAMS 0x000000008d600000, 0x000000008d600000| Untracked 
| 215|0x000000008d700000, 0x000000008d700000, 0x000000008d800000|  0%| F|  |TAMS 0x000000008d700000, 0x000000008d700000| Untracked 
| 216|0x000000008d800000, 0x000000008d800000, 0x000000008d900000|  0%| F|  |TAMS 0x000000008d800000, 0x000000008d800000| Untracked 
| 217|0x000000008d900000, 0x000000008d900000, 0x000000008da00000|  0%| F|  |TAMS 0x000000008d900000, 0x000000008d900000| Untracked 
| 218|0x000000008da00000, 0x000000008da00000, 0x000000008db00000|  0%| F|  |TAMS 0x000000008da00000, 0x000000008da00000| Untracked 
| 219|0x000000008db00000, 0x000000008db00000, 0x000000008dc00000|  0%| F|  |TAMS 0x000000008db00000, 0x000000008db00000| Untracked 
| 220|0x000000008dc00000, 0x000000008dc00000, 0x000000008dd00000|  0%| F|  |TAMS 0x000000008dc00000, 0x000000008dc00000| Untracked 
| 221|0x000000008dd00000, 0x000000008dd00000, 0x000000008de00000|  0%| F|  |TAMS 0x000000008dd00000, 0x000000008dd00000| Untracked 
| 222|0x000000008de00000, 0x000000008de00000, 0x000000008df00000|  0%| F|  |TAMS 0x000000008de00000, 0x000000008de00000| Untracked 
| 223|0x000000008df00000, 0x000000008df00000, 0x000000008e000000|  0%| F|  |TAMS 0x000000008df00000, 0x000000008df00000| Untracked 
| 224|0x000000008e000000, 0x000000008e000000, 0x000000008e100000|  0%| F|  |TAMS 0x000000008e000000, 0x000000008e000000| Untracked 
| 225|0x000000008e100000, 0x000000008e100000, 0x000000008e200000|  0%| F|  |TAMS 0x000000008e100000, 0x000000008e100000| Untracked 
| 226|0x000000008e200000, 0x000000008e200000, 0x000000008e300000|  0%| F|  |TAMS 0x000000008e200000, 0x000000008e200000| Untracked 
| 227|0x000000008e300000, 0x000000008e300000, 0x000000008e400000|  0%| F|  |TAMS 0x000000008e300000, 0x000000008e300000| Untracked 
| 228|0x000000008e400000, 0x000000008e400000, 0x000000008e500000|  0%| F|  |TAMS 0x000000008e400000, 0x000000008e400000| Untracked 
| 229|0x000000008e500000, 0x000000008e500000, 0x000000008e600000|  0%| F|  |TAMS 0x000000008e500000, 0x000000008e500000| Untracked 
| 230|0x000000008e600000, 0x000000008e600000, 0x000000008e700000|  0%| F|  |TAMS 0x000000008e600000, 0x000000008e600000| Untracked 
| 231|0x000000008e700000, 0x000000008e700000, 0x000000008e800000|  0%| F|  |TAMS 0x000000008e700000, 0x000000008e700000| Untracked 
| 232|0x000000008e800000, 0x000000008e800000, 0x000000008e900000|  0%| F|  |TAMS 0x000000008e800000, 0x000000008e800000| Untracked 
| 233|0x000000008e900000, 0x000000008e900000, 0x000000008ea00000|  0%| F|  |TAMS 0x000000008e900000, 0x000000008e900000| Untracked 
| 234|0x000000008ea00000, 0x000000008ea00000, 0x000000008eb00000|  0%| F|  |TAMS 0x000000008ea00000, 0x000000008ea00000| Untracked 
| 235|0x000000008eb00000, 0x000000008eb00000, 0x000000008ec00000|  0%| F|  |TAMS 0x000000008eb00000, 0x000000008eb00000| Untracked 
| 236|0x000000008ec00000, 0x000000008ec00000, 0x000000008ed00000|  0%| F|  |TAMS 0x000000008ec00000, 0x000000008ec00000| Untracked 
| 237|0x000000008ed00000, 0x000000008ed00000, 0x000000008ee00000|  0%| F|  |TAMS 0x000000008ed00000, 0x000000008ed00000| Untracked 
| 238|0x000000008ee00000, 0x000000008ee00000, 0x000000008ef00000|  0%| F|  |TAMS 0x000000008ee00000, 0x000000008ee00000| Untracked 
| 239|0x000000008ef00000, 0x000000008ef00000, 0x000000008f000000|  0%| F|  |TAMS 0x000000008ef00000, 0x000000008ef00000| Untracked 
| 240|0x000000008f000000, 0x000000008f000000, 0x000000008f100000|  0%| F|  |TAMS 0x000000008f000000, 0x000000008f000000| Untracked 
| 241|0x000000008f100000, 0x000000008f100000, 0x000000008f200000|  0%| F|  |TAMS 0x000000008f100000, 0x000000008f100000| Untracked 
| 242|0x000000008f200000, 0x000000008f200000, 0x000000008f300000|  0%| F|  |TAMS 0x000000008f200000, 0x000000008f200000| Untracked 
| 243|0x000000008f300000, 0x000000008f300000, 0x000000008f400000|  0%| F|  |TAMS 0x000000008f300000, 0x000000008f300000| Untracked 
| 244|0x000000008f400000, 0x000000008f400000, 0x000000008f500000|  0%| F|  |TAMS 0x000000008f400000, 0x000000008f400000| Untracked 
| 245|0x000000008f500000, 0x000000008f500000, 0x000000008f600000|  0%| F|  |TAMS 0x000000008f500000, 0x000000008f500000| Untracked 
| 246|0x000000008f600000, 0x000000008f600000, 0x000000008f700000|  0%| F|  |TAMS 0x000000008f600000, 0x000000008f600000| Untracked 
| 247|0x000000008f700000, 0x000000008f700000, 0x000000008f800000|  0%| F|  |TAMS 0x000000008f700000, 0x000000008f700000| Untracked 
| 248|0x000000008f800000, 0x000000008f800000, 0x000000008f900000|  0%| F|  |TAMS 0x000000008f800000, 0x000000008f800000| Untracked 
| 249|0x000000008f900000, 0x000000008f900000, 0x000000008fa00000|  0%| F|  |TAMS 0x000000008f900000, 0x000000008f900000| Untracked 
| 250|0x000000008fa00000, 0x000000008fa00000, 0x000000008fb00000|  0%| F|  |TAMS 0x000000008fa00000, 0x000000008fa00000| Untracked 
| 251|0x000000008fb00000, 0x000000008fb00000, 0x000000008fc00000|  0%| F|  |TAMS 0x000000008fb00000, 0x000000008fb00000| Untracked 
| 252|0x000000008fc00000, 0x000000008fc00000, 0x000000008fd00000|  0%| F|  |TAMS 0x000000008fc00000, 0x000000008fc00000| Untracked 
| 253|0x000000008fd00000, 0x000000008fd00000, 0x000000008fe00000|  0%| F|  |TAMS 0x000000008fd00000, 0x000000008fd00000| Untracked 

Card table byte_map: [0x000001983c470000,0x000001983c870000] _byte_map_base: 0x000001983c070000

Marking Bits (Prev, Next): (CMBitMap*) 0x0000019829054720, (CMBitMap*) 0x00000198290546e8
 Prev Bits: [0x000001983ec70000, 0x0000019840c70000)
 Next Bits: [0x000001983cc70000, 0x000001983ec70000)

Polling page: 0x0000019826f50000

Metaspace:

Usage:
  Non-class:    118.29 MB capacity,   117.00 MB ( 99%) used,     1.01 MB ( <1%) free+waste,   294.13 KB ( <1%) overhead. 
      Class:     16.30 MB capacity,    15.39 MB ( 94%) used,   805.06 KB (  5%) free+waste,   130.69 KB ( <1%) overhead. 
       Both:    134.59 MB capacity,   132.38 MB ( 98%) used,     1.79 MB (  1%) free+waste,   424.81 KB ( <1%) overhead. 

Virtual space:
  Non-class space:      128.00 MB reserved,     118.33 MB ( 92%) committed 
      Class space:      504.00 MB reserved,      16.38 MB (  3%) committed 
             Both:      632.00 MB reserved,     134.70 MB ( 21%) committed 

Chunk freelists:
   Non-Class:  39.00 KB
       Class:  12.00 KB
        Both:  51.00 KB

MaxMetaspaceSize: 512.00 MB
CompressedClassSpaceSize: 504.00 MB
Initial GC threshold: 20.80 MB
Current GC threshold: 206.08 MB
CDS: off

CodeHeap 'non-profiled nmethods': size=120000Kb used=12079Kb max_used=12079Kb free=107920Kb
 bounds [0x00000198345e0000, 0x00000198351b0000, 0x000001983bb10000]
CodeHeap 'profiled nmethods': size=120000Kb used=43618Kb max_used=43618Kb free=76381Kb
 bounds [0x000001982d0b0000, 0x000001982fb50000, 0x00000198345e0000]
CodeHeap 'non-nmethods': size=5760Kb used=2534Kb max_used=2573Kb free=3226Kb
 bounds [0x000001982cb10000, 0x000001982cda0000, 0x000001982d0b0000]
 total_blobs=18607 nmethods=17518 adapters=996
 compilation: enabled
              stopped_count=0, restarted_count=0
 full_count=0

Compilation events (20 events):
Event: 121.056 Thread 0x00000198441d9000 nmethod 19323 0x000001982fb49490 code [0x000001982fb49660, 0x000001982fb49928]
Event: 121.056 Thread 0x00000198441d3800 nmethod 19302 0x00000198351aa890 code [0x00000198351aaa40, 0x00000198351aaf08]
Event: 121.056 Thread 0x00000198441d3800 19324       4       java.lang.invoke.MethodType::checkSlotCount (33 bytes)
Event: 121.057 Thread 0x00000198441d3800 nmethod 19324 0x00000198351ab110 code [0x00000198351ab2a0, 0x00000198351ab2f8]
Event: 121.057 Thread 0x00000198441d3800 19307       4       jdk.internal.reflect.ClassFileAssembler::cpi (22 bytes)
Event: 121.058 Thread 0x00000198441d3800 nmethod 19307 0x00000198351ab410 code [0x00000198351ab5a0, 0x00000198351ab618]
Event: 121.059 Thread 0x00000198441d3800 19325       4       java.io.DataOutputStream::writeShort (35 bytes)
Event: 121.060 Thread 0x00000198441d3800 nmethod 19325 0x00000198351ab710 code [0x00000198351ab8a0, 0x00000198351ab978]
Event: 121.066 Thread 0x00000198441d9000 19326       3       java.lang.StringBuilder::append (8 bytes)
Event: 121.066 Thread 0x00000198441d9000 nmethod 19326 0x000001982fb49a10 code [0x000001982fb49bc0, 0x000001982fb49d08]
Event: 121.067 Thread 0x00000198441d9000 19327       1       com.google.common.collect.MapMakerInternalMap$AbstractStrongKeyEntry::getKey (5 bytes)
Event: 121.067 Thread 0x00000198441d9000 nmethod 19327 0x00000198351aba90 code [0x00000198351abc40, 0x00000198351abcf8]
Event: 121.067 Thread 0x00000198441d9000 19328       3       com.google.common.collect.MapMakerInternalMap$StrongKeyWeakValueSegment::maybeDrainReferenceQueues (9 bytes)
Event: 121.067 Thread 0x00000198441d9000 nmethod 19328 0x000001982fb49d90 code [0x000001982fb49f40, 0x000001982fb4a0e8]
Event: 121.067 Thread 0x00000198441d9000 19329       3       com.google.common.collect.MapMakerInternalMap$Segment::drainValueReferenceQueue (42 bytes)
Event: 121.068 Thread 0x00000198441d9000 nmethod 19329 0x000001982fb4a190 code [0x000001982fb4a3e0, 0x000001982fb4ae68]
Event: 121.068 Thread 0x00000198441d9000 19330   !   3       org.gradle.internal.classloader.FilteringClassLoader::loadClass (62 bytes)
Event: 121.069 Thread 0x00000198441d9000 nmethod 19330 0x000001982fb4b210 code [0x000001982fb4b4e0, 0x000001982fb4c2e8]
Event: 121.078 Thread 0x00000198441d9000 19331       3       org.gradle.internal.instantiation.generator.AsmBackedClassGenerator::getServicesForNext (13 bytes)
Event: 121.078 Thread 0x00000198441d9000 nmethod 19331 0x000001982fb4c810 code [0x000001982fb4c9e0, 0x000001982fb4cc68]

GC Heap History (20 events):
Event: 50.980 GC heap before
{Heap before GC invocations=53 (full 0):
 garbage-first heap   total 260096K, used 217728K [0x0000000080000000, 0x0000000100000000)
  region size 1024K, 95 young (97280K), 8 survivors (8192K)
 Metaspace       used 123902K, capacity 125835K, committed 126032K, reserved 628736K
  class space    used 14338K, capacity 15096K, committed 15104K, reserved 516096K
}
Event: 50.990 GC heap after
{Heap after GC invocations=54 (full 0):
 garbage-first heap   total 260096K, used 126561K [0x0000000080000000, 0x0000000100000000)
  region size 1024K, 3 young (3072K), 3 survivors (3072K)
 Metaspace       used 123902K, capacity 125835K, committed 126032K, reserved 628736K
  class space    used 14338K, capacity 15096K, committed 15104K, reserved 516096K
}
Event: 68.426 GC heap before
{Heap before GC invocations=55 (full 0):
 garbage-first heap   total 260096K, used 216673K [0x0000000080000000, 0x0000000100000000)
  region size 1024K, 93 young (95232K), 3 survivors (3072K)
 Metaspace       used 132784K, capacity 134911K, committed 135248K, reserved 636928K
  class space    used 15446K, capacity 16300K, committed 16384K, reserved 516096K
}
Event: 68.431 GC heap after
{Heap after GC invocations=56 (full 0):
 garbage-first heap   total 260096K, used 128623K [0x0000000080000000, 0x0000000100000000)
  region size 1024K, 7 young (7168K), 7 survivors (7168K)
 Metaspace       used 132784K, capacity 134911K, committed 135248K, reserved 636928K
  class space    used 15446K, capacity 16300K, committed 16384K, reserved 516096K
}
Event: 68.583 GC heap before
{Heap before GC invocations=56 (full 0):
 garbage-first heap   total 260096K, used 132719K [0x0000000080000000, 0x0000000100000000)
  region size 1024K, 12 young (12288K), 7 survivors (7168K)
 Metaspace       used 132945K, capacity 135078K, committed 135248K, reserved 636928K
  class space    used 15463K, capacity 16334K, committed 16384K, reserved 516096K
}
Event: 68.591 GC heap after
{Heap after GC invocations=57 (full 0):
 garbage-first heap   total 260096K, used 104431K [0x0000000080000000, 0x0000000100000000)
  region size 1024K, 1 young (1024K), 1 survivors (1024K)
 Metaspace       used 132945K, capacity 135078K, committed 135248K, reserved 636928K
  class space    used 15463K, capacity 16334K, committed 16384K, reserved 516096K
}
Event: 71.436 GC heap before
{Heap before GC invocations=57 (full 0):
 garbage-first heap   total 260096K, used 114671K [0x0000000080000000, 0x0000000100000000)
  region size 1024K, 12 young (12288K), 1 survivors (1024K)
 Metaspace       used 133127K, capacity 135334K, committed 135504K, reserved 636928K
  class space    used 15463K, capacity 16334K, committed 16384K, reserved 516096K
}
Event: 71.442 GC heap after
{Heap after GC invocations=58 (full 0):
 garbage-first heap   total 260096K, used 97166K [0x0000000080000000, 0x0000000100000000)
  region size 1024K, 1 young (1024K), 1 survivors (1024K)
 Metaspace       used 133127K, capacity 135334K, committed 135504K, reserved 636928K
  class space    used 15463K, capacity 16334K, committed 16384K, reserved 516096K
}
Event: 116.323 GC heap before
{Heap before GC invocations=58 (full 0):
 garbage-first heap   total 260096K, used 205710K [0x0000000080000000, 0x0000000100000000)
  region size 1024K, 108 young (110592K), 1 survivors (1024K)
 Metaspace       used 133140K, capacity 135335K, committed 135504K, reserved 636928K
  class space    used 15463K, capacity 16334K, committed 16384K, reserved 516096K
}
Event: 116.325 GC heap after
{Heap after GC invocations=59 (full 0):
 garbage-first heap   total 260096K, used 97044K [0x0000000080000000, 0x0000000100000000)
  region size 1024K, 1 young (1024K), 1 survivors (1024K)
 Metaspace       used 133140K, capacity 135335K, committed 135504K, reserved 636928K
  class space    used 15463K, capacity 16334K, committed 16384K, reserved 516096K
}
Event: 118.944 GC heap before
{Heap before GC invocations=59 (full 0):
 garbage-first heap   total 260096K, used 210708K [0x0000000080000000, 0x0000000100000000)
  region size 1024K, 111 young (113664K), 1 survivors (1024K)
 Metaspace       used 133262K, capacity 135470K, committed 135504K, reserved 636928K
  class space    used 15474K, capacity 16376K, committed 16384K, reserved 516096K
}
Event: 118.947 GC heap after
{Heap after GC invocations=60 (full 0):
 garbage-first heap   total 260096K, used 100744K [0x0000000080000000, 0x0000000100000000)
  region size 1024K, 2 young (2048K), 2 survivors (2048K)
 Metaspace       used 133262K, capacity 135470K, committed 135504K, reserved 636928K
  class space    used 15474K, capacity 16376K, committed 16384K, reserved 516096K
}
Event: 119.825 GC heap before
{Heap before GC invocations=60 (full 0):
 garbage-first heap   total 260096K, used 218504K [0x0000000080000000, 0x0000000100000000)
  region size 1024K, 113 young (115712K), 2 survivors (2048K)
 Metaspace       used 133271K, capacity 135470K, committed 135504K, reserved 636928K
  class space    used 15475K, capacity 16376K, committed 16384K, reserved 516096K
}
Event: 119.827 GC heap after
{Heap after GC invocations=61 (full 0):
 garbage-first heap   total 260096K, used 103034K [0x0000000080000000, 0x0000000100000000)
  region size 1024K, 3 young (3072K), 3 survivors (3072K)
 Metaspace       used 133271K, capacity 135470K, committed 135504K, reserved 636928K
  class space    used 15475K, capacity 16376K, committed 16384K, reserved 516096K
}
Event: 120.106 GC heap before
{Heap before GC invocations=61 (full 0):
 garbage-first heap   total 260096K, used 216698K [0x0000000080000000, 0x0000000100000000)
  region size 1024K, 114 young (116736K), 3 survivors (3072K)
 Metaspace       used 133271K, capacity 135470K, committed 135504K, reserved 636928K
  class space    used 15475K, capacity 16376K, committed 16384K, reserved 516096K
}
Event: 120.108 GC heap after
{Heap after GC invocations=62 (full 0):
 garbage-first heap   total 260096K, used 104443K [0x0000000080000000, 0x0000000100000000)
  region size 1024K, 4 young (4096K), 4 survivors (4096K)
 Metaspace       used 133271K, capacity 135470K, committed 135504K, reserved 636928K
  class space    used 15475K, capacity 16376K, committed 16384K, reserved 516096K
}
Event: 120.408 GC heap before
{Heap before GC invocations=62 (full 0):
 garbage-first heap   total 260096K, used 219131K [0x0000000080000000, 0x0000000100000000)
  region size 1024K, 116 young (118784K), 4 survivors (4096K)
 Metaspace       used 133273K, capacity 135470K, committed 135504K, reserved 636928K
  class space    used 15475K, capacity 16376K, committed 16384K, reserved 516096K
}
Event: 120.411 GC heap after
{Heap after GC invocations=63 (full 0):
 garbage-first heap   total 260096K, used 105860K [0x0000000080000000, 0x0000000100000000)
  region size 1024K, 5 young (5120K), 5 survivors (5120K)
 Metaspace       used 133273K, capacity 135470K, committed 135504K, reserved 636928K
  class space    used 15475K, capacity 16376K, committed 16384K, reserved 516096K
}
Event: 121.084 GC heap before
{Heap before GC invocations=63 (full 0):
 garbage-first heap   total 260096K, used 164228K [0x0000000080000000, 0x0000000100000000)
  region size 1024K, 57 young (58368K), 5 survivors (5120K)
 Metaspace       used 135559K, capacity 137821K, committed 137936K, reserved 645120K
  class space    used 15756K, capacity 16692K, committed 16768K, reserved 516096K
}
Event: 121.089 GC heap after
{Heap after GC invocations=64 (full 0):
 garbage-first heap   total 260096K, used 106518K [0x0000000080000000, 0x0000000100000000)
  region size 1024K, 4 young (4096K), 4 survivors (4096K)
 Metaspace       used 135559K, capacity 137821K, committed 137936K, reserved 645120K
  class space    used 15756K, capacity 16692K, committed 16768K, reserved 516096K
}

Deoptimization events (20 events):
Event: 120.923 Thread 0x00000198476d9800 Uncommon trap: trap_request=0xffffffde fr.pc=0x0000019834aa13c8 relative=0x0000000000000188
Event: 120.923 Thread 0x00000198476d9800 Uncommon trap: reason=class_check action=maybe_recompile pc=0x0000019834aa13c8 method=java.lang.reflect.Array.newInstance(Ljava/lang/Class;I)Ljava/lang/Object; @ 2 c2
Event: 120.923 Thread 0x00000198476d9800 DEOPT PACKING pc=0x0000019834aa13c8 sp=0x000000307cbf3e80
Event: 120.923 Thread 0x00000198476d9800 DEOPT UNPACKING pc=0x000001982cb5a1af sp=0x000000307cbf3e38 mode 2
Event: 120.924 Thread 0x00000198476d9800 Uncommon trap: trap_request=0xffffffde fr.pc=0x0000019834aa13c8 relative=0x0000000000000188
Event: 120.924 Thread 0x00000198476d9800 Uncommon trap: reason=class_check action=maybe_recompile pc=0x0000019834aa13c8 method=java.lang.reflect.Array.newInstance(Ljava/lang/Class;I)Ljava/lang/Object; @ 2 c2
Event: 120.924 Thread 0x00000198476d9800 DEOPT PACKING pc=0x0000019834aa13c8 sp=0x000000307cbf3e80
Event: 120.924 Thread 0x00000198476d9800 DEOPT UNPACKING pc=0x000001982cb5a1af sp=0x000000307cbf3e38 mode 2
Event: 120.924 Thread 0x00000198476d9800 Uncommon trap: trap_request=0xffffffde fr.pc=0x0000019834aa13c8 relative=0x0000000000000188
Event: 120.924 Thread 0x00000198476d9800 Uncommon trap: reason=class_check action=maybe_recompile pc=0x0000019834aa13c8 method=java.lang.reflect.Array.newInstance(Ljava/lang/Class;I)Ljava/lang/Object; @ 2 c2
Event: 120.924 Thread 0x00000198476d9800 DEOPT PACKING pc=0x0000019834aa13c8 sp=0x000000307cbf3e80
Event: 120.924 Thread 0x00000198476d9800 DEOPT UNPACKING pc=0x000001982cb5a1af sp=0x000000307cbf3e38 mode 2
Event: 120.940 Thread 0x00000198476d9800 Uncommon trap: trap_request=0xffffff4d fr.pc=0x0000019834c8553c relative=0x0000000000000f9c
Event: 120.940 Thread 0x00000198476d9800 Uncommon trap: reason=unstable_if action=reinterpret pc=0x0000019834c8553c method=java.util.TreeMap.put(Ljava/lang/Object;Ljava/lang/Object;)Ljava/lang/Object; @ 90 c2
Event: 120.940 Thread 0x00000198476d9800 DEOPT PACKING pc=0x0000019834c8553c sp=0x000000307cbf4f20
Event: 120.940 Thread 0x00000198476d9800 DEOPT UNPACKING pc=0x000001982cb5a1af sp=0x000000307cbf4f08 mode 2
Event: 120.986 Thread 0x00000198476d9800 Uncommon trap: trap_request=0xfffffff4 fr.pc=0x0000019834ab1350 relative=0x0000000000000770
Event: 120.986 Thread 0x00000198476d9800 Uncommon trap: reason=null_check action=make_not_entrant pc=0x0000019834ab1350 method=java.util.AbstractCollection.toArray([Ljava/lang/Object;)[Ljava/lang/Object; @ 116 c2
Event: 120.986 Thread 0x00000198476d9800 DEOPT PACKING pc=0x0000019834ab1350 sp=0x000000307cbf52f0
Event: 120.986 Thread 0x00000198476d9800 DEOPT UNPACKING pc=0x000001982cb5a1af sp=0x000000307cbf52b0 mode 2

Classes redefined (0 events):
No events

Internal exceptions (20 events):
Event: 52.456 Thread 0x00000198476d9800 Exception <a 'java/lang/NoSuchMethodError'{0x000000008c767460}: 'java.lang.Object java.lang.invoke.DirectMethodHandle$Holder.invokeStatic(java.lang.Object, java.lang.Object, java.lang.Object, java.lang.Object, java.lang.Object, int)'> (0x000000008c767460) thrown at [./src/hotspot/share/interpreter/linkResolver.cpp, line 773]
Event: 52.456 Thread 0x00000198476d9800 Exception <a 'java/lang/NoSuchMethodError'{0x000000008c76c1d0}: 'java.lang.Object java.lang.invoke.DirectMethodHandle$Holder.invokeSpecial(java.lang.Object, java.lang.Object, java.lang.Object, java.lang.Object, java.lang.Object, java.lang.Object, int)'> (0x000000008c76c1d0) thrown at [./src/hotspot/share/interpreter/linkResolver.cpp, line 773]
Event: 52.476 Thread 0x00000198476d9800 Exception <a 'java/lang/NoSuchMethodError'{0x000000008c6c1b20}: 'void java.lang.invoke.DirectMethodHandle$Holder.invokeStatic(java.lang.Object, java.lang.Object, java.lang.Object, int, java.lang.Object)'> (0x000000008c6c1b20) thrown at [./src/hotspot/share/interpreter/linkResolver.cpp, line 773]
Event: 120.673 Thread 0x00000198476d9800 Exception <a 'java/lang/ClassNotFoundException'{0x000000008d623380}: org/gradle/api/internal/project/DefaultProject_DecoratedBeanInfo> (0x000000008d623380) thrown at [./src/hotspot/share/classfile/systemDictionary.cpp, line 231]
Event: 120.674 Thread 0x00000198476d9800 Exception <a 'java/lang/ClassNotFoundException'{0x000000008d651058}: org/gradle/api/internal/project/DefaultProjectBeanInfo> (0x000000008d651058) thrown at [./src/hotspot/share/classfile/systemDictionary.cpp, line 231]
Event: 120.675 Thread 0x00000198476d9800 Exception <a 'java/lang/ClassNotFoundException'{0x000000008d67ee48}: org/gradle/api/internal/project/DefaultProjectCustomizer> (0x000000008d67ee48) thrown at [./src/hotspot/share/classfile/systemDictionary.cpp, line 231]
Event: 120.680 Thread 0x00000198476d9800 Exception <a 'java/lang/ClassNotFoundException'{0x000000008d547e28}: org/gradle/api/internal/project/DefaultProject_DecoratedCustomizer> (0x000000008d547e28) thrown at [./src/hotspot/share/classfile/systemDictionary.cpp, line 231]
Event: 120.726 Thread 0x00000198476d9800 Exception <a 'java/lang/IncompatibleClassChangeError'{0x000000008d30e940}: Found class java.lang.Object, but interface was expected> (0x000000008d30e940) thrown at [./src/hotspot/share/interpreter/linkResolver.cpp, line 839]
Event: 120.789 Thread 0x00000198476d9800 Exception <a 'java/lang/ClassNotFoundException'{0x000000008d2e8458}: org/gradle/api/internal/project/DefaultAntBuilderBeanInfo> (0x000000008d2e8458) thrown at [./src/hotspot/share/classfile/systemDictionary.cpp, line 231]
Event: 120.791 Thread 0x00000198476d9800 Exception <a 'java/lang/ClassNotFoundException'{0x000000008d11a3e8}: org/gradle/api/internal/project/ant/BasicAntBuilderBeanInfo> (0x000000008d11a3e8) thrown at [./src/hotspot/share/classfile/systemDictionary.cpp, line 231]
Event: 120.793 Thread 0x00000198476d9800 Exception <a 'java/lang/ClassNotFoundException'{0x000000008d143248}: org/gradle/api/AntBuilderBeanInfo> (0x000000008d143248) thrown at [./src/hotspot/share/classfile/systemDictionary.cpp, line 231]
Event: 120.797 Thread 0x00000198476d9800 Exception <a 'java/lang/ClassNotFoundException'{0x000000008d16e158}: groovy/ant/AntBuilderBeanInfo> (0x000000008d16e158) thrown at [./src/hotspot/share/classfile/systemDictionary.cpp, line 231]
Event: 120.804 Thread 0x00000198476d9800 Exception <a 'java/lang/ClassNotFoundException'{0x000000008d1e9900}: groovy/util/BuilderSupportBeanInfo> (0x000000008d1e9900) thrown at [./src/hotspot/share/classfile/systemDictionary.cpp, line 231]
Event: 120.810 Thread 0x00000198476d9800 Exception <a 'java/lang/ClassNotFoundException'{0x000000008d066190}: groovy/util/BuilderSupportCustomizer> (0x000000008d066190) thrown at [./src/hotspot/share/classfile/systemDictionary.cpp, line 231]
Event: 120.813 Thread 0x00000198476d9800 Exception <a 'java/lang/ClassNotFoundException'{0x000000008d094960}: groovy/ant/AntBuilderCustomizer> (0x000000008d094960) thrown at [./src/hotspot/share/classfile/systemDictionary.cpp, line 231]
Event: 120.815 Thread 0x00000198476d9800 Exception <a 'java/lang/ClassNotFoundException'{0x000000008d0c4058}: org/gradle/api/AntBuilderCustomizer> (0x000000008d0c4058) thrown at [./src/hotspot/share/classfile/systemDictionary.cpp, line 231]
Event: 120.818 Thread 0x00000198476d9800 Exception <a 'java/lang/ClassNotFoundException'{0x000000008cf00c20}: org/gradle/api/internal/project/ant/BasicAntBuilderCustomizer> (0x000000008cf00c20) thrown at [./src/hotspot/share/classfile/systemDictionary.cpp, line 231]
Event: 120.821 Thread 0x00000198476d9800 Exception <a 'java/lang/ClassNotFoundException'{0x000000008cf441c8}: org/gradle/api/internal/project/DefaultAntBuilderCustomizer> (0x000000008cf441c8) thrown at [./src/hotspot/share/classfile/systemDictionary.cpp, line 231]
Event: 120.904 Thread 0x00000198476d9800 Exception <a 'java/lang/IncompatibleClassChangeError'{0x000000008cef3ea8}: Found class java.lang.Object, but interface was expected> (0x000000008cef3ea8) thrown at [./src/hotspot/share/interpreter/linkResolver.cpp, line 839]
Event: 120.986 Thread 0x00000198476d9800 Implicit null exception at 0x0000019834ab0e4c to 0x0000019834ab133c

Events (20 events):
Event: 121.080 loading class org/gradle/api/Task done
Event: 121.081 loading class org/jetbrains/kotlin/gradle/internal/CompilerArgumentAwareWithInput
Event: 121.081 loading class org/jetbrains/kotlin/gradle/internal/CompilerArgumentAwareWithInput done
Event: 121.081 loading class org/jetbrains/kotlin/gradle/internal/CompilerArgumentAware
Event: 121.081 loading class org/jetbrains/kotlin/gradle/internal/CompilerArgumentAware done
Event: 121.081 loading class org/jetbrains/kotlin/gradle/internal/tasks/TaskWithLocalState
Event: 121.081 loading class org/jetbrains/kotlin/gradle/internal/tasks/TaskWithLocalState done
Event: 121.082 loading class org/gradle/api/DefaultTask
Event: 121.082 loading class org/gradle/api/DefaultTask done
Event: 121.082 loading class org/gradle/api/tasks/TaskContainer
Event: 121.082 loading class org/gradle/api/tasks/TaskContainer done
Event: 121.082 loading class org/jetbrains/kotlin/gradle/plugin/DefaultKotlinBasePlugin$addKotlinCompilerConfiguration$2
Event: 121.082 loading class org/jetbrains/kotlin/gradle/plugin/DefaultKotlinBasePlugin$addKotlinCompilerConfiguration$2 done
Event: 121.083 loading class org/gradle/api/tasks/TaskCollection
Event: 121.083 loading class org/gradle/api/tasks/TaskCollection done
Event: 121.083 loading class org/jetbrains/kotlin/gradle/utils/GradleConfigurationUtilsKt
Event: 121.083 loading class org/jetbrains/kotlin/gradle/utils/GradleConfigurationUtilsKt done
Event: 121.083 loading class org/jetbrains/kotlin/gradle/utils/GradleConfigurationUtilsKt$addGradlePluginMetadataAttributes$1
Event: 121.083 loading class org/jetbrains/kotlin/gradle/utils/GradleConfigurationUtilsKt$addGradlePluginMetadataAttributes$1 done
Event: 121.084 Executing VM operation: CollectForMetadataAllocation


Dynamic libraries:
0x00007ff60d580000 - 0x00007ff60d58a000 	E:\development\Android\jre\bin\java.exe
0x00007ff95c310000 - 0x00007ff95c524000 	C:\WINDOWS\SYSTEM32\ntdll.dll
0x00007ff95b1f0000 - 0x00007ff95b2b4000 	C:\WINDOWS\System32\KERNEL32.DLL
0x00007ff959b40000 - 0x00007ff959ee4000 	C:\WINDOWS\System32\KERNELBASE.dll
0x00007ff959a20000 - 0x00007ff959b31000 	C:\WINDOWS\System32\ucrtbase.dll
0x00007ff955050000 - 0x00007ff955069000 	E:\development\Android\jre\bin\jli.dll
0x00007ff955030000 - 0x00007ff955047000 	E:\development\Android\jre\bin\VCRUNTIME140.dll
0x00007ff95ad30000 - 0x00007ff95aeda000 	C:\WINDOWS\System32\USER32.dll
0x00007ff95a030000 - 0x00007ff95a056000 	C:\WINDOWS\System32\win32u.dll
0x00007ff946fb0000 - 0x00007ff94723f000 	C:\WINDOWS\WinSxS\amd64_microsoft.windows.common-controls_6595b64144ccf1df_6.0.22621.2070_none_2713e6537381f706\COMCTL32.dll
0x00007ff95b700000 - 0x00007ff95b729000 	C:\WINDOWS\System32\GDI32.dll
0x00007ff95a600000 - 0x00007ff95a6a7000 	C:\WINDOWS\System32\msvcrt.dll
0x00007ff959900000 - 0x00007ff959a19000 	C:\WINDOWS\System32\gdi32full.dll
0x00007ff959860000 - 0x00007ff9598fa000 	C:\WINDOWS\System32\msvcp_win.dll
0x00007ff95a230000 - 0x00007ff95a261000 	C:\WINDOWS\System32\IMM32.DLL
0x00007ff9441f0000 - 0x00007ff94428d000 	E:\development\Android\jre\bin\msvcp140.dll
0x00007ff8aa480000 - 0x00007ff8aaf82000 	E:\development\Android\jre\bin\server\jvm.dll
0x00007ff95b830000 - 0x00007ff95b8e0000 	C:\WINDOWS\System32\ADVAPI32.dll
0x00007ff95b8e0000 - 0x00007ff95b986000 	C:\WINDOWS\System32\sechost.dll
0x00007ff95a730000 - 0x00007ff95a847000 	C:\WINDOWS\System32\RPCRT4.dll
0x00007ff95a8a0000 - 0x00007ff95a8a8000 	C:\WINDOWS\System32\PSAPI.DLL
0x00007ff930e00000 - 0x00007ff930e09000 	C:\WINDOWS\SYSTEM32\WSOCK32.dll
0x00007ff951b80000 - 0x00007ff951bb4000 	C:\WINDOWS\SYSTEM32\WINMM.dll
0x00007ff950de0000 - 0x00007ff950dea000 	C:\WINDOWS\SYSTEM32\VERSION.dll
0x00007ff95b680000 - 0x00007ff95b6f1000 	C:\WINDOWS\System32\WS2_32.dll
0x00007ff9586a0000 - 0x00007ff9586b8000 	C:\WINDOWS\SYSTEM32\kernel.appcore.dll
0x00007ff944360000 - 0x00007ff944371000 	E:\development\Android\jre\bin\verify.dll
0x00007ff9476b0000 - 0x00007ff9478de000 	C:\WINDOWS\SYSTEM32\DBGHELP.DLL
0x00007ff95a270000 - 0x00007ff95a5fa000 	C:\WINDOWS\System32\combase.dll
0x00007ff95b750000 - 0x00007ff95b827000 	C:\WINDOWS\System32\OLEAUT32.dll
0x00007ff944900000 - 0x00007ff944932000 	C:\WINDOWS\SYSTEM32\dbgcore.DLL
0x00007ff959ef0000 - 0x00007ff959f6a000 	C:\WINDOWS\System32\bcryptPrimitives.dll
0x00007ff9441c0000 - 0x00007ff9441e9000 	E:\development\Android\jre\bin\java.dll
0x00007ff9499a0000 - 0x00007ff9499ab000 	E:\development\Android\jre\bin\jimage.dll
0x00007ff944340000 - 0x00007ff944358000 	E:\development\Android\jre\bin\zip.dll
0x00007ff95b990000 - 0x00007ff95c1a6000 	C:\WINDOWS\System32\SHELL32.dll
0x00007ff957640000 - 0x00007ff957f2a000 	C:\WINDOWS\SYSTEM32\windows.storage.dll
0x00007ff957500000 - 0x00007ff95763e000 	C:\WINDOWS\SYSTEM32\wintypes.dll
0x00007ff95af80000 - 0x00007ff95b073000 	C:\WINDOWS\System32\SHCORE.dll
0x00007ff95c1c0000 - 0x00007ff95c21e000 	C:\WINDOWS\System32\shlwapi.dll
0x00007ff959620000 - 0x00007ff959646000 	C:\WINDOWS\SYSTEM32\profapi.dll
0x00007ff9441a0000 - 0x00007ff9441ba000 	E:\development\Android\jre\bin\net.dll
0x00007ff9526c0000 - 0x00007ff9527f7000 	C:\WINDOWS\SYSTEM32\WINHTTP.dll
0x00007ff958b60000 - 0x00007ff958bc9000 	C:\WINDOWS\system32\mswsock.dll
0x00007ff944180000 - 0x00007ff944194000 	E:\development\Android\jre\bin\nio.dll
0x00007ff944020000 - 0x00007ff944047000 	C:\Users\gnana\.gradle\native\68d5fa5c4cc2d200863cafc0d521ce42e7d3e7ee720ec0a83991735586a16f82\windows-amd64\native-platform.dll
0x00007ff90cb60000 - 0x00007ff90cca4000 	C:\Users\gnana\.gradle\native\e376f236ea51e6404a007f0833ffe2c6e607c4080706a723a18a27aeea778392\windows-amd64\native-platform-file-events.dll
0x00007ff944e70000 - 0x00007ff944e7a000 	E:\development\Android\jre\bin\management.dll
0x00007ff9443f0000 - 0x00007ff9443fd000 	E:\development\Android\jre\bin\management_ext.dll
0x00007ff958e00000 - 0x00007ff958e1b000 	C:\WINDOWS\SYSTEM32\CRYPTSP.dll
0x00007ff958660000 - 0x00007ff958695000 	C:\WINDOWS\system32\rsaenh.dll
0x00007ff958c00000 - 0x00007ff958c2c000 	C:\WINDOWS\SYSTEM32\USERENV.dll
0x00007ff959040000 - 0x00007ff959068000 	C:\WINDOWS\SYSTEM32\bcrypt.dll
0x00007ff958d70000 - 0x00007ff958d7c000 	C:\WINDOWS\SYSTEM32\CRYPTBASE.dll
0x00007ff9581d0000 - 0x00007ff9581fd000 	C:\WINDOWS\SYSTEM32\IPHLPAPI.DLL
0x00007ff95af70000 - 0x00007ff95af79000 	C:\WINDOWS\System32\NSI.dll
0x00007ff952820000 - 0x00007ff952839000 	C:\WINDOWS\SYSTEM32\dhcpcsvc6.DLL
0x00007ff952460000 - 0x00007ff95247f000 	C:\WINDOWS\SYSTEM32\dhcpcsvc.DLL
0x00007ff958200000 - 0x00007ff9582f3000 	C:\WINDOWS\SYSTEM32\DNSAPI.dll
0x00007ff948170000 - 0x00007ff948197000 	E:\development\Android\jre\bin\sunec.dll
0x00007ff9539d0000 - 0x00007ff9539da000 	C:\Windows\System32\rasadhlp.dll
0x00007ff951610000 - 0x00007ff951694000 	C:\WINDOWS\System32\fwpuclnt.dll

dbghelp: loaded successfully - version: 4.0.5 - missing functions: none
symbol engine: initialized successfully - sym options: 0x614 - pdb path: .;E:\development\Android\jre\bin;C:\WINDOWS\SYSTEM32;C:\WINDOWS\WinSxS\amd64_microsoft.windows.common-controls_6595b64144ccf1df_6.0.22621.2070_none_2713e6537381f706;E:\development\Android\jre\bin\server;C:\Users\gnana\.gradle\native\68d5fa5c4cc2d200863cafc0d521ce42e7d3e7ee720ec0a83991735586a16f82\windows-amd64;C:\Users\gnana\.gradle\native\e376f236ea51e6404a007f0833ffe2c6e607c4080706a723a18a27aeea778392\windows-amd64

VM Arguments:
jvm_args: -XX:MaxMetaspaceSize=512m --add-opens=java.base/java.util=ALL-UNNAMED --add-opens=java.base/java.lang=ALL-UNNAMED --add-opens=java.base/java.lang.invoke=ALL-UNNAMED --add-opens=java.prefs/java.util.prefs=ALL-UNNAMED --add-opens=java.base/java.nio.charset=ALL-UNNAMED --add-opens=java.base/java.net=ALL-UNNAMED --add-opens=java.base/java.util.concurrent.atomic=ALL-UNNAMED -Xmx2048m -Dfile.encoding=windows-1252 -Duser.country=IN -Duser.language=en -Duser.variant 
java_command: org.gradle.launcher.daemon.bootstrap.GradleDaemon 8.0.1
java_class_path (initial): C:\Users\gnana\.gradle\wrapper\dists\gradle-8.0.1-all\aro4hu1c3oeioove7l0i4i14o\gradle-8.0.1\lib\gradle-launcher-8.0.1.jar
Launcher Type: SUN_STANDARD

[Global flags]
     intx CICompilerCount                          = 4                                         {product} {ergonomic}
   size_t CompressedClassSpaceSize                 = 528482304                                 {product} {ergonomic}
     uint ConcGCThreads                            = 3                                         {product} {ergonomic}
     uint G1ConcRefinementThreads                  = 10                                        {product} {ergonomic}
   size_t G1HeapRegionSize                         = 1048576                                   {product} {ergonomic}
    uintx GCDrainStackTargetSize                   = 64                                        {product} {ergonomic}
   size_t InitialHeapSize                          = 266338304                                 {product} {ergonomic}
   size_t MarkStackSize                            = 4194304                                   {product} {ergonomic}
   size_t MaxHeapSize                              = 2147483648                                {product} {command line}
   size_t MaxMetaspaceSize                         = 536870912                                 {product} {command line}
   size_t MaxNewSize                               = 1287651328                                {product} {ergonomic}
   size_t MinHeapDeltaBytes                        = 1048576                                   {product} {ergonomic}
    uintx NonNMethodCodeHeapSize                   = 5836300                                {pd product} {ergonomic}
    uintx NonProfiledCodeHeapSize                  = 122910970                              {pd product} {ergonomic}
    uintx ProfiledCodeHeapSize                     = 122910970                              {pd product} {ergonomic}
    uintx ReservedCodeCacheSize                    = 251658240                              {pd product} {ergonomic}
     bool SegmentedCodeCache                       = true                                      {product} {ergonomic}
     bool UseCompressedClassPointers               = true                                 {lp64_product} {ergonomic}
     bool UseCompressedOops                        = true                                 {lp64_product} {ergonomic}
     bool UseG1GC                                  = true                                      {product} {ergonomic}
     bool UseLargePagesIndividualAllocation        = false                                  {pd product} {ergonomic}

Logging:
Log output configuration:
 #0: stdout all=warning uptime,level,tags
 #1: stderr all=off uptime,level,tags

Environment Variables:
JAVA_HOME=E:\development\Android\jre
CLASSPATH=E:\development\allInOne\client\android\\gradle\wrapper\gradle-wrapper.jar
PATH=E:\development\allInOne\client\node_modules\.bin;E:\development\allInOne\node_modules\.bin;E:\development\node_modules\.bin;E:\node_modules\.bin;C:\Users\gnana\AppData\Roaming\npm\node_modules\npm\node_modules\@npmcli\run-script\lib\node-gyp-bin;E:\development\allInOne\client\node_modules\.bin;E:\development\allInOne\client\node_modules\.bin;E:\development\allInOne\node_modules\.bin;E:\development\node_modules\.bin;E:\node_modules\.bin;C:\Users\gnana\AppData\Roaming\npm\node_modules\npm\node_modules\@npmcli\run-script\lib\node-gyp-bin;C:\Python310\Scripts\;C:\Python310\;C:\Python39\Scripts\;C:\Python39\;C:\Program Files\Common Files\Oracle\Java\javapath;C:\Program Files (x86)\Common Files\Oracle\Java\javapath;C:\Python27\;C:\Python27\Scripts;C:\Program Files (x86)\Intel\Intel(R) Management Engine Components\iCLS\;C:\Program Files\Intel\Intel(R) Management Engine Components\iCLS\;C:\Windows\system32;C:\Windows;C:\Windows\System32\Wbem;C:\Windows\System32\WindowsPowerShell\v1.0\;C:\Program Files (x86)\Intel\Intel(R) Management Engine Components\DAL;C:\Program Files\Intel\Intel(R) Management Engine Components\DAL;C:\Program Files (x86)\Intel\Intel(R) Management Engine Components\IPT;C:\Program Files\Intel\Intel(R) Management Engine Components\IPT;C:\Program Files\Intel\WiFi\bin\;C:\Program Files\Common Files\Intel\WirelessCommon\;C:\MinGW\bin;C:\Users\gnana\Anaconda3\python.exe;C:\Program Files\NVIDIA Corporation\NVIDIA NvDLISR;C:\WINDOWS\system32;C:\WINDOWS;C:\WINDOWS\System32\Wbem;C:\WINDOWS\System32\WindowsPowerShell\v1.0\;C:\WINDOWS\System32\OpenSSH\;C:\Android;C:\Program Files\dotnet\;C:\Program Files (x86)\NVIDIA Corporation\PhysX\Common;C:\Program Files\Java\jdk-15.0.1\bin;C:\WINDOWS\system32;C:\WINDOWS;C:\WINDOWS\System32\Wbem;C:\WINDOWS\System32\WindowsPowerShell\v1.0\;C:\WINDOWS\System32\OpenSSH\;C:\Program Files\Git\cmd;C:\ProgramData\chocolatey\bin;C:\Program Files\Memurai\;C:\Program Files\nodejs\;C:\Program Files\SafeNet\Authentication\SAC\x64;C:\Progra
USERNAME=gnana
OS=Windows_NT
PROCESSOR_IDENTIFIER=Intel64 Family 6 Model 158 Stepping 10, GenuineIntel



---------------  S Y S T E M  ---------------

OS: Windows 11 , 64 bit Build 22621 (10.0.22621.2070)
OS uptime: 0 days 1:14 hours
Hyper-V role detected

CPU:total 12 (initial active 12) (6 cores per cpu, 2 threads per core) family 6 model 158 stepping 10 microcode 0xde, cmov, cx8, fxsr, mmx, sse, sse2, sse3, ssse3, sse4.1, sse4.2, popcnt, avx, avx2, aes, clmul, erms, 3dnowpref, lzcnt, ht, tsc, tscinvbit, bmi1, bmi2, adx, fma

Memory: 4k page, system-wide physical 16226M (2628M free)
TotalPageFile size 20322M (AvailPageFile size 2M)
current process WorkingSet (physical memory assigned to process): 613M, peak: 613M
current process commit charge ("private bytes"): 651M, peak: 652M

vm_info: OpenJDK 64-Bit Server VM (11.0.13+0-b1751.21-8125866) for windows-amd64 JRE (11.0.13+0-b1751.21-8125866), built on Feb  2 2022 03:00:22 by "builder" with MS VC++ 14.0 (VS2015)

END.
